Mdi:ArrangeIcons
wm geometry . 900x785+8+89
Mdi:ArrangeIcons
wm geometry . 900x785+28+99
Mdi:ArrangeIcons
wm geometry . 900x785+58+109
Mdi:ArrangeIcons
wm geometry . 900x785+156+141
Mdi:ArrangeIcons
wm geometry . 900x785+406+183
Mdi:ArrangeIcons
Mdi:ArrangeIcons
wm geometry . 900x785+632+203
Mdi:ArrangeIcons
wm geometry . 900x785+1114+209
Mdi:ArrangeIcons
wm geometry . 900x785+1234+207
Mdi:ArrangeIcons
Mdi:ArrangeIcons
wm geometry . 900x785+1562+195
Mdi:ArrangeIcons
wm geometry . 900x785+1724+181
Mdi:ArrangeIcons
wm geometry . 900x785+1788+171
Mdi:ArrangeIcons
wm geometry . 900x785+1878+153
Mdi:ArrangeIcons
wm geometry . 900x785+1916+139
Mdi:ArrangeIcons
wm geometry . 900x785+1920+135
Mdi:ArrangeIcons
Mdi:ArrangeIcons
Mdi:ArrangeIcons
Mdi:ArrangeIcons
Mdi:ArrangeIcons
Mdi:ArrangeIcons
Mdi:ArrangeIcons
Mdi:ArrangeIcons
Mdi:ArrangeIcons
wm geometry . 900x785+1920+134
Mdi:ArrangeIcons
wm geometry . 900x785+1920+133
Mdi:ArrangeIcons
wm geometry . 900x785+1919+132
Mdi:ArrangeIcons
wm geometry . 900x785+1919+131
Mdi:ArrangeIcons
wm geometry . 900x785+1919+130
Mdi:ArrangeIcons
wm geometry . 900x785+1919+129
Mdi:ArrangeIcons
wm geometry . 900x785+1919+128
Mdi:ArrangeIcons
wm geometry . 900x785+1919+127
Mdi:ArrangeIcons
wm geometry . 900x785+1919+125
Mdi:ArrangeIcons
wm geometry . 900x785+1919+124
Mdi:ArrangeIcons
wm geometry . 900x785+1919+122
Mdi:ArrangeIcons
wm geometry . 900x785+1918+121
Mdi:ArrangeIcons
wm geometry . 900x785+1917+119
Mdi:ArrangeIcons
wm geometry . 900x785+1916+117
Mdi:ArrangeIcons
wm geometry . 900x785+1915+115
Mdi:ArrangeIcons
wm geometry . 900x785+1911+109
Mdi:ArrangeIcons
wm geometry . 900x785+1907+105
Mdi:ArrangeIcons
wm geometry . 900x785+1906+103
Mdi:ArrangeIcons
wm geometry . 900x785+1900+99
Mdi:ArrangeIcons
wm geometry . 900x785+1894+95
Mdi:ArrangeIcons
wm geometry . 900x785+1890+91
Mdi:ArrangeIcons
wm geometry . 900x785+1884+87
Mdi:ArrangeIcons
wm geometry . 900x785+1878+83
Mdi:ArrangeIcons
wm geometry . 900x785+1872+77
Mdi:ArrangeIcons
wm geometry . 900x785+1864+73
Mdi:ArrangeIcons
wm geometry . 900x785+1858+65
Mdi:ArrangeIcons
wm geometry . 900x785+1850+53
Mdi:ArrangeIcons
wm geometry . 900x785+1840+43
Mdi:ArrangeIcons
wm geometry . 900x785+1832+31
Mdi:ArrangeIcons
wm geometry . 900x785+1814+3
Mdi:ArrangeIcons
wm geometry . 900x785+1808+0
Mdi:ArrangeIcons
wm geometry . 900x785+1798+0
Mdi:ArrangeIcons
wm geometry . 900x785+1790+0
Mdi:ArrangeIcons
wm geometry . 900x785+1784+0
Mdi:ArrangeIcons
wm geometry . 900x785+1778+0
Mdi:ArrangeIcons
wm geometry . 900x785+1774+0
Mdi:ArrangeIcons
wm geometry . 900x785+1773+0
Mdi:ArrangeIcons
wm geometry . 900x785+1772+0
Mdi:ArrangeIcons
wm geometry . 900x785+1770+0
Mdi:ArrangeIcons
wm geometry . 900x785+1768+0
Mdi:ArrangeIcons
wm geometry . 900x785+1766+0
Mdi:ArrangeIcons
wm geometry . 900x785+1764+0
Mdi:ArrangeIcons
wm geometry . 900x785+1756+0
Mdi:ArrangeIcons
wm geometry . 900x785+1746+0
Mdi:ArrangeIcons
wm geometry . 900x785+1736+0
Mdi:ArrangeIcons
wm geometry . 900x785+1726+0
Mdi:ArrangeIcons
wm geometry . 900x785+1716+0
Mdi:ArrangeIcons
wm geometry . 900x785+1704+0
Mdi:ArrangeIcons
wm geometry . 900x785+1694+0
Mdi:ArrangeIcons
wm geometry . 900x785+1682+0
Mdi:ArrangeIcons
wm geometry . 900x785+1672+0
Mdi:ArrangeIcons
wm geometry . 900x785+1664+0
Mdi:ArrangeIcons
wm geometry . 900x785+1658+0
Mdi:ArrangeIcons
wm geometry . 900x785+1648+0
Mdi:ArrangeIcons
wm geometry . 900x785+1642+0
Mdi:ArrangeIcons
wm geometry . 900x785+1639+0
Mdi:ArrangeIcons
wm geometry . 900x785+1633+0
Mdi:ArrangeIcons
wm geometry . 900x785+1627+0
Mdi:ArrangeIcons
wm geometry . 900x785+1621+0
Mdi:ArrangeIcons
wm geometry . 900x785+1619+0
Mdi:ArrangeIcons
wm geometry . 900x785+1617+0
Mdi:ArrangeIcons
wm geometry . 900x785+1615+0
Mdi:ArrangeIcons
wm geometry . 900x785+1612+0
Mdi:ArrangeIcons
wm geometry . 900x785+1610+0
Mdi:ArrangeIcons
wm geometry . 900x785+1608+0
Mdi:ArrangeIcons
wm geometry . 900x785+1605+0
Mdi:ArrangeIcons
wm geometry . 900x785+1600+0
Mdi:ArrangeIcons
wm geometry . 906x795+1600+0
Mdi:ArrangeIcons
wm geometry . 1144x913+1600+0
Mdi:ArrangeIcons
wm geometry . 1590x1117+1600+0
Mdi:FullSize
ScopeSigMgr:loadpffile /home/user4/spring13/jy2525/simulation_vlsi/or/or.tr0 1 openonly
pf:read PF:1 1TPOWRD(power)
Graph addsignal WF:1:1 -region new -yview real(y) -xview real(x) -tracehi 2
# Signal0
ScopeSigMgr:Unload 0 {{(1) or.tr0}}
Graph:Select Graph0
Graph:DSel 0
Graph:DSel
ScopeSigMgr:loadpffile /home/user4/spring13/jy2525/simulation_vlsi/or/or.tr0 1 openonly
pf:read PF:2 1TPOWRD(power)
Graph addsignal WF:2:1 -region new -yview real(y) -xview real(x) -tracehi 2
# Signal0
wm geometry .sigmgr._PF:2 208x311+1600+599
wm geometry .sigmgr._PF:2 208x311+1600+598
wm geometry .sigmgr._PF:2 208x311+1600+596
wm geometry .sigmgr._PF:2 208x311+1600+590
wm geometry .sigmgr._PF:2 208x311+1600+582
wm geometry .sigmgr._PF:2 208x311+1600+570
wm geometry .sigmgr._PF:2 208x311+1555+558
wm geometry .sigmgr._PF:2 208x311+1535+546
wm geometry .sigmgr._PF:2 208x311+1511+532
wm geometry .sigmgr._PF:2 208x311+1485+518
wm geometry .sigmgr._PF:2 208x311+1382+458
wm geometry .sigmgr._PF:2 208x311+1331+446
wm geometry .sigmgr._PF:2 208x311+1303+432
wm geometry .sigmgr._PF:2 208x311+1277+422
wm geometry .sigmgr._PF:2 208x311+1253+410
wm geometry .sigmgr._PF:2 208x311+1235+400
wm geometry .sigmgr._PF:2 208x311+1221+390
wm geometry .sigmgr._PF:2 208x311+1211+382
wm geometry .sigmgr._PF:2 208x311+1203+376
wm geometry .sigmgr._PF:2 208x311+1202+372
wm geometry .sigmgr._PF:2 208x311+1202+371
wm geometry .sigmgr._PF:2 208x311+1202+370
wm geometry .sigmgr 378x200+2806+104
wm geometry .sigmgr 378x200+2798+110
wm geometry .sigmgr 378x200+2788+116
wm geometry .sigmgr 378x200+2770+122
wm geometry .sigmgr 378x200+2748+128
wm geometry .sigmgr 378x200+2718+132
wm geometry .sigmgr 378x200+2680+134
wm geometry .sigmgr 378x200+2632+136
wm geometry .sigmgr 378x200+2578+138
wm geometry .sigmgr 378x200+2508+138
wm geometry .sigmgr 378x200+2430+138
wm geometry .sigmgr 378x200+2344+138
wm geometry .sigmgr 378x200+2252+138
wm geometry .sigmgr 378x200+2154+138
wm geometry .sigmgr 378x200+1930+138
wm geometry .sigmgr 378x200+1706+134
wm geometry .sigmgr 378x200+1602+132
wm geometry .sigmgr 378x200+1508+128
wm geometry .sigmgr 378x200+1420+126
wm geometry .sigmgr 378x200+1344+122
wm geometry .sigmgr 378x200+1282+120
wm geometry .sigmgr 378x200+1234+120
wm geometry .sigmgr 378x200+1212+116
wm geometry .sigmgr 378x200+1168+116
wm geometry .sigmgr 378x200+1154+114
wm geometry .sigmgr 378x200+1151+114
wm geometry .sigmgr 378x200+1150+114
wm geometry .sigmgr 378x200+1149+114
wm geometry .sigmgr 378x200+1143+116
wm geometry .sigmgr 378x200+1131+122
wm geometry .sigmgr 378x200+1125+126
wm geometry .sigmgr 378x200+1093+130
wm geometry .sigmgr 378x200+1067+134
wm geometry .sigmgr 378x200+1037+138
wm geometry .sigmgr 378x200+1009+141
wm geometry .sigmgr 378x200+979+141
wm geometry .sigmgr 378x200+953+141
wm geometry .sigmgr 378x200+929+141
wm geometry .sigmgr 378x200+907+141
wm geometry .sigmgr 378x200+891+141
wm geometry .sigmgr 378x200+879+141
wm geometry .sigmgr 378x200+876+141
wm geometry .sigmgr 378x200+874+141
wm geometry .sigmgr 378x200+873+141
wm geometry .sigmgr 378x200+872+141
wm geometry .sigmgr 378x200+871+141
wm geometry .sigmgr 378x200+870+141
wm geometry .sigmgr 378x200+868+141
wm geometry .sigmgr 378x200+866+141
wm geometry .sigmgr 378x200+865+141
wm geometry .sigmgr 378x200+863+141
wm geometry .sigmgr 378x200+862+141
wm geometry .sigmgr 378x200+861+141
wm geometry .sigmgr 378x200+860+141
wm geometry .sigmgr 378x200+858+141
wm geometry .sigmgr 378x200+856+141
wm geometry .sigmgr 378x200+808+163
wm geometry .sigmgr 378x200+790+167
wm geometry .sigmgr 378x200+774+171
wm geometry .sigmgr 378x200+758+173
wm geometry .sigmgr 378x200+742+177
wm geometry .sigmgr 378x200+737+181
wm geometry .sigmgr 378x200+737+183
wm geometry .sigmgr 378x200+714+186
wm geometry .sigmgr 378x200+713+187
Graph:DSel
Graph:Select Graph0
Graph:DSel
Graph:DSel
Graph:Select Graph0
Graph:DSel
ScopeSigMgr:loadpffile /home/user4/spring13/jy2525/simulation_vlsi/wddl_or/wddl_or.tr0 1 openonly
ScopeSigMgr:Unload 0 {{(2) wddl_or.tr0}}
wm geometry .sigmgr._PF:2 208x311+1206+364
wm geometry .sigmgr._PF:2 208x311+1214+356
wm geometry .sigmgr._PF:2 208x311+1228+348
wm geometry .sigmgr._PF:2 208x311+1262+326
wm geometry .sigmgr._PF:2 208x311+1276+318
wm geometry .sigmgr._PF:2 208x311+1286+312
wm geometry .sigmgr._PF:2 208x311+1290+308
wm geometry .sigmgr._PF:2 208x311+1291+307
wm geometry .sigmgr._PF:2 208x311+1292+307
Graph:DSel
Graph:Select Graph0
Graph:DSel
ScopeSigMgr:loadpffile /home/user4/spring13/jy2525/simulation_vlsi/wddl_or/wddl_or.tr0 1 openonly
wm geometry .sigmgr._PF:4 208x311+1661+659
wm geometry .sigmgr._PF:4 208x311+1659+653
wm geometry .sigmgr._PF:4 208x311+1649+645
wm geometry .sigmgr._PF:4 208x311+1629+637
wm geometry .sigmgr._PF:4 208x311+1600+613
wm geometry .sigmgr._PF:4 208x311+1425+563
wm geometry .sigmgr._PF:4 208x311+1329+531
wm geometry .sigmgr._PF:4 208x311+1292+513
wm geometry .sigmgr._PF:4 208x311+1271+507
wm geometry .sigmgr._PF:4 208x311+1261+503
wm geometry .sigmgr._PF:4 208x311+1255+501
wm geometry .sigmgr._PF:4 208x311+1254+501
ScopeSigMgr:Unload 0 {{(2) wddl_or.tr0}}
wm geometry .sigmgr 378x200+714+187
wm geometry .sigmgr 378x200+730+189
wm geometry .sigmgr 378x200+786+195
wm geometry .sigmgr 378x200+816+197
wm geometry .sigmgr 378x200+878+197
wm geometry .sigmgr 378x200+904+197
wm geometry .sigmgr 378x200+938+197
wm geometry .sigmgr 378x200+941+197
ScopeSigMgr:loadpffile /home/user4/spring13/jy2525/simulation_vlsi/and2/wddlor2.tr0 1 openonly
pf:read PF:5 power(vwddlorvdd)
Graph addsignal WF:5:1 -region new -yview dbm(y) -xview real(x) -tracehi 2
# Signal1
ScopeSigMgr:Unload 0 {{(1) or.tr0}}
ScopeSigMgr:Unload 0 {{(2) wddlor2.tr0}}
Graph:Select Graph0
Graph:DSel
ScopeSigMgr:loadpffile /home/user4/spring13/jy2525/simulation_vlsi/and2/wddlor2.tr0 1 openonly
pf:read PF:6 power(vwddlorvdd)
Graph addsignal WF:6:1 -region new -yview dbm(y) -xview real(x) -tracehi 2
# Signal0
wm geometry .sigmgr._PF:6 208x311+1600+604
wm geometry .sigmgr._PF:6 208x311+1600+606
wm geometry .sigmgr._PF:6 208x311+1560+606
wm geometry .sigmgr._PF:6 208x311+1530+606
wm geometry .sigmgr._PF:6 208x311+1488+606
wm geometry .sigmgr._PF:6 208x311+1432+602
wm geometry .sigmgr._PF:6 208x311+1382+596
wm geometry .sigmgr._PF:6 208x311+1236+576
wm geometry .sigmgr._PF:6 208x311+1114+546
wm geometry .sigmgr._PF:6 208x311+1026+516
wm geometry .sigmgr._PF:6 208x311+966+478
wm geometry .sigmgr._PF:6 208x311+965+476
wm geometry .sigmgr._PF:6 208x311+965+474
wm geometry .sigmgr._PF:6 208x311+965+472
wm geometry .sigmgr._PF:6 208x311+965+470
wm geometry .sigmgr._PF:6 208x311+965+468
ScopeSigMgr:loadpffile /home/user4/spring13/jy2525/simulation_vlsi/or/or.tr0 1 openonly
pf:read PF:7 power(vorvdd)
Graph addsignal WF:7:1 -region new -yview dbm(y) -xview real(x) -tracehi 2
# Signal1
wm geometry .sigmgr._PF:7 208x311+1629+630
wm geometry .sigmgr._PF:7 208x311+1629+631
wm geometry .sigmgr._PF:7 208x311+1627+631
wm geometry .sigmgr._PF:7 208x311+1600+631
wm geometry .sigmgr._PF:7 208x311+1545+631
wm geometry .sigmgr._PF:7 208x311+1497+629
wm geometry .sigmgr._PF:7 208x311+1433+629
wm geometry .sigmgr._PF:7 208x311+1382+623
wm geometry .sigmgr._PF:7 208x311+1285+617
wm geometry .sigmgr._PF:7 208x311+1211+609
wm geometry .sigmgr._PF:7 208x311+1147+601
wm geometry .sigmgr._PF:7 208x311+1097+593
wm geometry .sigmgr._PF:7 208x311+1061+585
wm geometry .sigmgr._PF:7 208x311+1037+577
wm geometry .sigmgr._PF:7 208x311+1027+571
wm geometry .sigmgr._PF:7 208x311+1026+570
wm geometry .sigmgr._PF:7 208x311+1026+568
pf:read PF:7 v(a_i)
Graph addsignal WF:7:2 -region new -yview real(y) -xview real(x) -tracehi 2
# Signal2
pf:read PF:7 v(b_i)
Graph addsignal WF:7:3 -region new -yview real(y) -xview real(x) -tracehi 2
# Signal3
Graph:DSel
Graph:Select Graph0
Graph itemselect all add
# Signal3
Graph delsignal selected
Graph:ClearItems
Graph:DSel
ScopeSigMgr:loadpffile /home/user4/spring13/jy2525/simulation_vlsi/dflipflop/dflipflop.tr0 1 openonly
Graph:DSel 0
pf:read PF:8 1TPOWRD(power)
Graph addsignal WF:8:1 -region new -yview real(y) -xview real(x) -tracehi 2
# Signal0
wm geometry .sigmgr._PF:8 208x311+1659+660
wm geometry .sigmgr._PF:8 208x311+1656+660
wm geometry .sigmgr._PF:8 208x311+1646+660
wm geometry .sigmgr._PF:8 208x311+1634+660
wm geometry .sigmgr._PF:8 208x311+1614+660
wm geometry .sigmgr._PF:8 208x311+1600+658
wm geometry .sigmgr._PF:8 208x311+1550+656
wm geometry .sigmgr._PF:8 208x311+1510+650
wm geometry .sigmgr._PF:8 208x311+1464+644
wm geometry .sigmgr._PF:8 208x311+1418+638
wm geometry .sigmgr._PF:8 208x311+1382+630
wm geometry .sigmgr._PF:8 208x311+1342+622
wm geometry .sigmgr._PF:8 208x311+1298+612
wm geometry .sigmgr._PF:8 208x311+1244+600
wm geometry .sigmgr._PF:8 208x311+1229+596
wm geometry .sigmgr._PF:8 208x311+1229+592
wm geometry .sigmgr._PF:8 208x311+1208+590
Graph:Select Graph0
Graph itemselect all add
# Signal0
Graph delsignal selected
Graph:ClearItems
Graph:DSel
Graph:Select Graph0
Graph:DSel 0
Graph:DSel
ScopeSigMgr:loadpffile /home/user4/spring13/jy2525/simulation_vlsi/dflipflop/dflipflop.tr0 1 openonly
pf:read PF:9 power(vffvdd)
Graph addsignal WF:9:1 -region new -yview dbm(y) -xview real(x) -tracehi 2
# Signal0
wm geometry .sigmgr._PF:9 208x311+1674+688
wm geometry .sigmgr._PF:9 208x311+1650+684
wm geometry .sigmgr._PF:9 208x311+1620+676
wm geometry .sigmgr._PF:9 208x311+1600+670
wm geometry .sigmgr._PF:9 208x311+1548+658
wm geometry .sigmgr._PF:9 208x311+1506+646
wm geometry .sigmgr._PF:9 208x311+1464+632
wm geometry .sigmgr._PF:9 208x311+1426+618
wm geometry .sigmgr._PF:9 208x311+1346+590
wm geometry .sigmgr._PF:9 208x311+1254+528
wm geometry .sigmgr._PF:9 208x311+1229+501
pf:read PF:9 v(d)
Graph addsignal WF:9:2 -region new -yview real(y) -xview real(x) -tracehi 2
# Signal1
pf:read PF:9 v(clk)
Graph addsignal WF:9:3 -region new -yview real(y) -xview real(x) -tracehi 2
# Signal2
Graph:DSel
Graph:Select Graph0
Graph:DSel
Graph:DSel
Graph:DSel
wm geometry .sigmgr._PF:9 208x311+1229+503
wm geometry .sigmgr._PF:9 208x311+1229+504
wm geometry .sigmgr._PF:9 208x311+1229+505
wm geometry .sigmgr._PF:9 208x311+1208+507
wm geometry .sigmgr._PF:9 208x311+1208+508
wm geometry .sigmgr._PF:9 208x311+1208+509
pf:read PF:9 v(q)
Graph addsignal WF:9:4 -region new -yview real(y) -xview real(x) -tracehi 2
# Signal3
pf:read PF:9 v(vdd)
Graph:Select Graph0
Graph itemselect all add
# Signal3
Graph delsignal selected
Graph:ClearItems
ScopeSigMgr:Unload 0 {{(4) dflipflop.tr0}}
ScopeSigMgr:Unload 0 {{(2) or.tr0}}
ScopeSigMgr:Unload 0 {{(1) wddlor2.tr0}}
ScopeSigMgr:Unload 0 {{(3) dflipflop.tr0}}
Graph:DSel
Graph:Select Graph0
Graph:DSel 0
Graph:DSel
ScopeSigMgr:loadpffile /home/user4/spring13/jy2525/simulation_vlsi/dflipflop/dflipflop.tr0 1 openonly
Graph:DSel 0
wm geometry .sigmgr._PF:10 208x311+1600+602
wm geometry .sigmgr._PF:10 208x311+1600+606
wm geometry .sigmgr._PF:10 208x311+1600+612
wm geometry .sigmgr._PF:10 208x311+1564+618
wm geometry .sigmgr._PF:10 208x311+1540+626
wm geometry .sigmgr._PF:10 208x311+1512+634
wm geometry .sigmgr._PF:10 208x311+1474+640
wm geometry .sigmgr._PF:10 208x311+1424+644
wm geometry .sigmgr._PF:10 208x311+1382+648
wm geometry .sigmgr._PF:10 208x311+1304+652
wm geometry .sigmgr._PF:10 208x311+1240+654
wm geometry .sigmgr._PF:10 208x311+1174+658
wm geometry .sigmgr._PF:10 208x311+1052+660
wm geometry .sigmgr._PF:10 208x311+998+660
wm geometry .sigmgr._PF:10 208x311+956+660
wm geometry .sigmgr._PF:10 208x311+924+658
wm geometry .sigmgr._PF:10 208x311+906+652
wm geometry .sigmgr._PF:10 208x311+896+648
wm geometry .sigmgr._PF:10 208x311+896+647
wm geometry .sigmgr._PF:10 208x311+896+646
wm geometry .sigmgr._PF:10 208x311+897+644
wm geometry .sigmgr._PF:10 208x311+898+643
wm geometry .sigmgr._PF:10 208x311+898+641
wm geometry .sigmgr._PF:10 208x311+898+640
pf:read PF:10 v(vdd)
Graph addsignal WF:10:1 -region new -yview real(y) -xview real(x) -tracehi 2
# Signal0
pf:read PF:10 v(d)
Graph addsignal WF:10:2 -region new -yview real(y) -xview real(x) -tracehi 2
# Signal1
pf:read PF:10 v(clk)
Graph addsignal WF:10:3 -region new -yview real(y) -xview real(x) -tracehi 2
# Signal2
pf:read PF:10 v(q)
Graph addsignal WF:10:4 -region new -yview real(y) -xview real(x) -tracehi 2
# Signal3
Graph:Select Graph0
Graph:DSel
pf:read PF:10 v(nett_0)
Graph addsignal WF:10:5 -region new -yview real(y) -xview real(x) -tracehi 2
# Signal4
Graph:DSel
Graph:Select Graph0
Graph:DSel
ScopeSigMgr:Reload 0 {{(1) dflipflop.tr0}}
pf:read PF:11 power(vffvdd)
Graph addsignal WF:11:6 -region new -yview dbm(y) -xview real(x) -tracehi 2
# Signal10
wm geometry .sigmgr._PF:10 208x311+900+639
wm geometry .sigmgr._PF:10 208x311+910+637
wm geometry .sigmgr._PF:10 208x311+930+633
wm geometry .sigmgr._PF:10 208x311+952+629
wm geometry .sigmgr._PF:10 208x311+988+625
wm geometry .sigmgr._PF:10 208x311+1030+621
wm geometry .sigmgr._PF:10 208x311+1076+617
wm geometry .sigmgr._PF:10 208x311+1122+613
wm geometry .sigmgr._PF:10 208x311+1162+609
wm geometry .sigmgr._PF:10 208x311+1200+607
wm geometry .sigmgr._PF:10 208x311+1252+603
wm geometry .sigmgr._PF:10 208x311+1266+600
wm geometry .sigmgr._PF:10 208x311+1267+599
ScopeSigMgr:Unload 0 {{(1) dflipflop.tr0}}
