Mdi:ArrangeIcons
wm geometry . 900x784+0+86
ScopeSigMgr:loadpffile /home/user2/spring13/asc2171/avlsi/project/ELEN6321/simulation_vlsi/aes_addround_key/addround.tr0 1 openonly
pf:read PF:1 i(vvdd)
Graph addsignal WF:1:1 -region new -yview real(y) -xview real(x) -tracehi 2
# Signal0
pf:read PF:1 v(s00sa_i0)
Graph addsignal WF:1:2 -region new -yview real(y) -xview real(x) -tracehi 2
# Signal1
pf:read PF:1 v(s00sa_i2)
Graph addsignal WF:1:3 -region new -yview real(y) -xview real(x) -tracehi 2
# Signal2
pf:read PF:1 v(s00sa_i3)
Graph addsignal WF:1:4 -region new -yview real(y) -xview real(x) -tracehi 2
# Signal3
pf:read PF:1 v(s00sa_i4)
Graph addsignal WF:1:5 -region new -yview real(y) -xview real(x) -tracehi 2
# Signal4
pf:read PF:1 v(s00sa_i5)
Graph addsignal WF:1:6 -region new -yview real(y) -xview real(x) -tracehi 2
# Signal5
pf:read PF:1 v(s00sa_i6)
Graph addsignal WF:1:7 -region new -yview real(y) -xview real(x) -tracehi 2
# Signal6
pf:read PF:1 v(s00sa_o0)
Graph addsignal WF:1:8 -region new -yview real(y) -xview real(x) -tracehi 2
# Signal7
pf:read PF:1 v(clk)
Graph addsignal WF:1:9 -region new -yview real(y) -xview real(x) -tracehi 2
# Signal8
Graph:DSel
Graph:Select Graph0
Graph:DSel
Graph itemselect Signal7 add
# Signal7
Graph:DSel
Graph axisconfig {AxisY(8,0) AxisX(0)} -range {{1.7139641318574 -1.5551670039886} {184.66n 202.17n}}
Graph:DSel
Graph axisconfig AxisY(8,0) -range {0.09656982240707 -4.4320966861242}
Graph axisconfig {AxisY(0,0) AxisX(0) AxisY(1,0) AxisY(2,0) AxisY(3,0) AxisY(4,0) AxisY(5,0) AxisY(6,0) AxisY(7,0) AxisY(8,0)} -range {all all all all all all all all all all}
Graph:DSel
ScopeSigMgr:loadpffile /home/user2/spring13/asc2171/avlsi/project/ELEN6321/simulation_vlsi/aes_addround_key/addround.tr0 1 openonly
Mdi:Resize 520 552
Mdi:Move 5 5
Graph:Select Graph0
ScopeSigMgr:Unload 0
ScopeSigMgr:Unload 0
ScopeSigMgr:Unload 0
ScopeSigMgr:Unload 0
ScopeSigMgr:loadpffile /home/user2/spring13/asc2171/avlsi/project/ELEN6321/simulation_vlsi/aes_addround_key/addround.tr0 1 openonly
pf:read PF:3 i(vvdd)
Graph addsignal WF:3:1 -region new -yview real(y) -xview real(x) -tracehi 2
# Signal0
