Mdi:ArrangeIcons
wm geometry . 900x785+1+85
Mdi:ArrangeIcons
wm geometry . 900x785+12+87
Mdi:ArrangeIcons
wm geometry . 900x785+22+91
Mdi:ArrangeIcons
wm geometry . 900x785+277+107
Mdi:ArrangeIcons
Mdi:ArrangeIcons
wm geometry . 900x785+373+109
Mdi:ArrangeIcons
wm geometry . 900x785+613+117
Mdi:ArrangeIcons
wm geometry . 900x785+913+125
Mdi:ArrangeIcons
wm geometry . 900x785+1235+129
Mdi:ArrangeIcons
wm geometry . 900x785+1537+133
Mdi:ArrangeIcons
wm geometry . 900x785+1779+127
Mdi:ArrangeIcons
wm geometry . 900x785+1969+121
Mdi:ArrangeIcons
wm geometry . 900x785+2043+117
Mdi:ArrangeIcons
wm geometry . 900x785+2103+113
Mdi:ArrangeIcons
wm geometry . 900x785+2153+111
Mdi:ArrangeIcons
wm geometry . 900x785+2191+109
Mdi:ArrangeIcons
wm geometry . 900x785+2221+105
Mdi:ArrangeIcons
wm geometry . 900x785+2239+105
Mdi:ArrangeIcons
wm geometry . 900x785+2247+103
Mdi:ArrangeIcons
wm geometry . 900x785+2248+103
Mdi:ArrangeIcons
Mdi:ArrangeIcons
wm geometry . 900x785+2248+48
Mdi:ArrangeIcons
wm geometry . 900x785+2216+42
Mdi:ArrangeIcons
wm geometry . 900x785+2190+36
Mdi:ArrangeIcons
Mdi:ArrangeIcons
wm geometry . 900x785+2190+88
Mdi:ArrangeIcons
wm geometry . 900x785+2180+88
Mdi:ArrangeIcons
wm geometry . 900x785+2168+90
Mdi:ArrangeIcons
wm geometry . 900x785+2158+90
Mdi:ArrangeIcons
wm geometry . 900x785+2146+92
Mdi:ArrangeIcons
wm geometry . 900x785+2136+92
Mdi:ArrangeIcons
wm geometry . 900x785+2133+92
Mdi:ArrangeIcons
wm geometry . 900x785+2127+94
Mdi:ArrangeIcons
wm geometry . 900x785+2125+94
Mdi:ArrangeIcons
wm geometry . 900x785+2124+94
Mdi:ArrangeIcons
wm geometry . 900x785+2123+94
Mdi:ArrangeIcons
wm geometry . 900x785+2115+94
Mdi:ArrangeIcons
wm geometry . 900x785+2105+96
Mdi:ArrangeIcons
wm geometry . 900x785+2093+98
Mdi:ArrangeIcons
wm geometry . 900x785+2079+100
Mdi:ArrangeIcons
wm geometry . 900x785+2065+102
Mdi:ArrangeIcons
wm geometry . 900x785+2045+104
Mdi:ArrangeIcons
wm geometry . 900x785+2023+104
Mdi:ArrangeIcons
wm geometry . 900x785+2003+104
Mdi:ArrangeIcons
wm geometry . 900x785+1981+102
Mdi:ArrangeIcons
wm geometry . 900x785+1961+98
Mdi:ArrangeIcons
wm geometry . 900x785+1941+94
Mdi:ArrangeIcons
wm geometry . 900x785+1923+88
Mdi:ArrangeIcons
wm geometry . 900x785+1903+82
Mdi:ArrangeIcons
wm geometry . 900x785+1885+76
Mdi:ArrangeIcons
wm geometry . 900x785+1867+70
Mdi:ArrangeIcons
wm geometry . 900x785+1851+64
Mdi:ArrangeIcons
wm geometry . 900x785+1835+56
Mdi:ArrangeIcons
wm geometry . 900x785+1821+50
Mdi:ArrangeIcons
wm geometry . 900x785+1807+40
Mdi:ArrangeIcons
Mdi:ArrangeIcons
wm geometry . 900x785+1665+84
Mdi:ArrangeIcons
wm geometry . 900x785+1665+92
Mdi:ArrangeIcons
wm geometry . 900x785+1671+118
Mdi:ArrangeIcons
wm geometry . 900x785+1683+146
Mdi:ArrangeIcons
wm geometry . 900x785+1699+168
Mdi:ArrangeIcons
wm geometry . 900x785+1709+178
Mdi:ArrangeIcons
wm geometry . 900x785+1717+186
Mdi:ArrangeIcons
wm geometry . 900x785+1723+192
Mdi:ArrangeIcons
wm geometry . 900x785+1729+196
Mdi:ArrangeIcons
wm geometry . 900x785+1733+200
Mdi:ArrangeIcons
wm geometry . 900x785+1735+200
Mdi:ArrangeIcons
wm geometry . 900x785+1736+202
Mdi:ArrangeIcons
wm geometry . 900x785+1737+202
Mdi:ArrangeIcons
wm geometry . 900x785+1733+198
Mdi:ArrangeIcons
wm geometry . 900x785+1727+190
Mdi:ArrangeIcons
wm geometry . 900x785+1717+182
Mdi:ArrangeIcons
wm geometry . 900x785+1689+156
Mdi:ArrangeIcons
wm geometry . 900x785+1675+144
Mdi:ArrangeIcons
wm geometry . 900x785+1651+118
Mdi:ArrangeIcons
wm geometry . 900x785+1641+106
Mdi:ArrangeIcons
wm geometry . 900x785+1635+96
Mdi:ArrangeIcons
wm geometry . 900x785+1629+86
Mdi:ArrangeIcons
wm geometry . 900x785+1625+78
Mdi:ArrangeIcons
wm geometry . 900x785+1621+70
Mdi:ArrangeIcons
wm geometry . 900x785+1620+68
Mdi:ArrangeIcons
wm geometry . 900x785+1619+66
Mdi:ArrangeIcons
wm geometry . 900x785+1619+64
Mdi:ArrangeIcons
wm geometry . 900x785+1618+63
Mdi:ArrangeIcons
wm geometry . 900x785+1618+62
Mdi:ArrangeIcons
wm geometry . 900x785+1617+60
Mdi:ArrangeIcons
wm geometry . 900x785+1617+59
Mdi:ArrangeIcons
wm geometry . 900x785+1616+58
Mdi:ArrangeIcons
wm geometry . 900x785+1616+57
Mdi:ArrangeIcons
wm geometry . 900x785+1616+56
Mdi:ArrangeIcons
wm geometry . 900x785+1616+55
Mdi:ArrangeIcons
wm geometry . 900x785+1615+53
Mdi:ArrangeIcons
wm geometry . 900x785+1614+51
Mdi:ArrangeIcons
wm geometry . 900x785+1614+49
Mdi:ArrangeIcons
wm geometry . 900x785+1613+47
Mdi:ArrangeIcons
wm geometry . 900x785+1612+46
Mdi:ArrangeIcons
wm geometry . 900x785+1612+44
Mdi:ArrangeIcons
wm geometry . 900x785+1611+43
Mdi:ArrangeIcons
wm geometry . 900x785+1610+42
Mdi:ArrangeIcons
wm geometry . 900x785+1610+41
Mdi:ArrangeIcons
wm geometry . 900x785+1610+40
Mdi:ArrangeIcons
wm geometry . 900x785+1609+39
Mdi:ArrangeIcons
wm geometry . 900x785+1609+38
Mdi:ArrangeIcons
wm geometry . 900x785+1608+37
Mdi:ArrangeIcons
wm geometry . 900x785+1608+36
Mdi:ArrangeIcons
Mdi:FullSize
Graph:Select Graph0
Graph:DSel 0
Mdi:ArrangeIcons
Mdi:ArrangeIcons
wm geometry . 901x787+1608+36
Mdi:ArrangeIcons
wm geometry . 1009x867+1608+36
Mdi:ArrangeIcons
wm geometry . 1277x977+1608+36
Mdi:ArrangeIcons
wm geometry . 1557x1077+1608+36
Mdi:ArrangeIcons
wm geometry . 1582x1106+1608+36
Graph:DSel
ScopeSigMgr:loadpffile /home/user4/spring13/jy2525/simulation_vlsi/not/not.tr0 1 openonly
pf:read PF:1 1TPOWRD(power)
Graph addsignal WF:1:1 -region new -yview real(y) -xview real(x) -tracehi 2
# Signal0
pf:read PF:1 v(a_i)
Graph addsignal WF:1:2 -region new -yview real(y) -xview real(x) -tracehi 2
# Signal1
pf:read PF:1 v(out)
Graph addsignal WF:1:3 -region new -yview real(y) -xview real(x) -tracehi 2
# Signal2
pf:read PF:1 v(vdd)
Graph addsignal WF:1:4 -region new -yview real(y) -xview real(x) -tracehi 2
# Signal3
pf:read PF:1 v(a_i)
Graph addsignal WF:1:2 -region new -yview real(y) -xview real(x) -tracehi 2
# Signal4
pf:read PF:1 v(0)
Graph addsignal WF:1:5 -region new -yview real(y) -xview real(x) -tracehi 2
# Signal5
ScopeSigMgr:Unload 0 {{(1) not.tr0}}
ScopeSigMgr:Unload 0 {{(1) not.tr0}}
ScopeSigMgr:Unload 0 {{(1) not.tr0}}
wm geometry .sigmgr._PF:1 208x311+1600+598
wm geometry .sigmgr._PF:1 208x311+1600+596
wm geometry .sigmgr._PF:1 208x311+1554+594
wm geometry .sigmgr._PF:1 208x311+1520+594
wm geometry .sigmgr._PF:1 208x311+1484+592
wm geometry .sigmgr._PF:1 208x311+1440+590
wm geometry .sigmgr._PF:1 208x311+1390+586
wm geometry .sigmgr._PF:1 208x311+1342+584
wm geometry .sigmgr._PF:1 208x311+1292+580
wm geometry .sigmgr._PF:1 208x311+1244+574
wm geometry .sigmgr._PF:1 208x311+1202+570
wm geometry .sigmgr._PF:1 208x311+1166+564
wm geometry .sigmgr._PF:1 208x311+1138+558
wm geometry .sigmgr._PF:1 208x311+1118+554
wm geometry .sigmgr._PF:1 208x311+1108+548
wm geometry .sigmgr._PF:1 208x311+1102+546
wm geometry .sigmgr._PF:1 208x311+1101+545
wm geometry .sigmgr._PF:1 208x311+1100+545
Graph:DSel
Graph:Select Graph0
Graph:DSel
Graph:DSel
Graph:DSel
Graph itemselect AxisY(5,0) add
# AxisY(5,0)
Graph itemselect AxisY(5,0) add
Graph delsignal selected
Graph delsignal selected
Graph delsignal selected
Graph delsignal selected
Graph delsignal selected
Graph itemselect AxisY(5,0) add
Graph delsignal selected
Graph itemselect all add
# Signal5
Graph delsignal selected
Graph:ClearItems
Graph:DSel
pf:read PF:1 v(a_i)
Graph addsignal WF:1:2 -region new -yview real(y) -xview real(x) -tracehi 2
# Signal0
pf:read PF:1 v(out)
Graph addsignal WF:1:3 -region new -yview real(y) -xview real(x) -tracehi 2
# Signal1
pf:read PF:1 v(vdd)
Graph addsignal WF:1:4 -region new -yview real(y) -xview real(x) -tracehi 2
# Signal2
Graph:Select Graph0
Graph itemselect all add
# Signal2
Graph delsignal selected
Graph:ClearItems
Graph:DSel
pf:read PF:1 v(out)
Graph addsignal WF:1:3 -region new -yview real(y) -xview real(x) -tracehi 2
# Signal0
pf:read PF:1 v(a_i)
Graph addsignal WF:1:2 -region new -yview real(y) -xview real(x) -tracehi 2
# Signal1
pf:read PF:1 1TPOWRD(power)
Graph addsignal WF:1:1 -region new -yview real(y) -xview real(x) -tracehi 2
# Signal2
Graph:Select Graph0
Graph itemselect all add
# Signal2
Graph delsignal selected
Graph:ClearItems
ScopeSigMgr:Unload 0 {{(1) not.tr0}}
Graph:DSel
