Mdi:ArrangeIcons
wm geometry . 900x785+0+87
Mdi:ArrangeIcons
wm geometry . 900x785+24+89
Mdi:ArrangeIcons
wm geometry . 900x785+44+93
Mdi:ArrangeIcons
wm geometry . 900x785+148+103
Mdi:ArrangeIcons
Mdi:ArrangeIcons
wm geometry . 900x785+256+111
Mdi:ArrangeIcons
wm geometry . 900x785+318+113
Mdi:ArrangeIcons
wm geometry . 900x785+450+121
Mdi:ArrangeIcons
Mdi:ArrangeIcons
Mdi:ArrangeIcons
Mdi:ArrangeIcons
wm geometry . 900x785+512+125
Mdi:ArrangeIcons
wm geometry . 900x785+634+135
Mdi:ArrangeIcons
Mdi:ArrangeIcons
wm geometry . 900x785+690+137
Mdi:ArrangeIcons
wm geometry . 900x785+750+141
Mdi:ArrangeIcons
wm geometry . 900x785+806+145
Mdi:ArrangeIcons
wm geometry . 900x785+864+149
Mdi:ArrangeIcons
wm geometry . 900x785+909+151
Mdi:ArrangeIcons
wm geometry . 900x785+1146+157
Mdi:ArrangeIcons
wm geometry . 900x785+1200+157
Mdi:ArrangeIcons
Mdi:ArrangeIcons
Mdi:ArrangeIcons
wm geometry . 900x785+1254+157
Mdi:ArrangeIcons
Mdi:ArrangeIcons
wm geometry . 900x785+1302+157
Mdi:ArrangeIcons
wm geometry . 900x785+1346+157
Mdi:ArrangeIcons
wm geometry . 900x785+1388+151
Mdi:ArrangeIcons
wm geometry . 900x785+1424+147
Mdi:ArrangeIcons
wm geometry . 900x785+1456+141
Mdi:ArrangeIcons
wm geometry . 900x785+1488+133
Mdi:ArrangeIcons
wm geometry . 900x785+1514+125
Mdi:ArrangeIcons
wm geometry . 900x785+1540+115
Mdi:ArrangeIcons
wm geometry . 900x785+1582+93
Mdi:ArrangeIcons
wm geometry . 900x785+1600+71
Mdi:ArrangeIcons
wm geometry . 900x785+1638+47
Mdi:ArrangeIcons
wm geometry . 900x785+1648+27
Mdi:ArrangeIcons
wm geometry . 900x785+1650+17
Mdi:ArrangeIcons
wm geometry . 900x785+1650+9
Mdi:ArrangeIcons
wm geometry . 900x785+1652+1
Mdi:ArrangeIcons
wm geometry . 900x785+1652+0
Mdi:ArrangeIcons
wm geometry . 900x785+1654+0
Mdi:ArrangeIcons
wm geometry . 900x785+1656+0
Mdi:ArrangeIcons
wm geometry . 900x785+1660+0
Mdi:ArrangeIcons
wm geometry . 900x785+1666+0
Mdi:ArrangeIcons
wm geometry . 900x785+1672+0
Mdi:ArrangeIcons
wm geometry . 900x785+1680+0
Mdi:ArrangeIcons
wm geometry . 900x785+1692+0
Mdi:ArrangeIcons
wm geometry . 900x785+1704+0
Mdi:ArrangeIcons
wm geometry . 900x785+1716+0
Mdi:ArrangeIcons
wm geometry . 900x785+1730+0
Mdi:ArrangeIcons
wm geometry . 900x785+1744+0
Mdi:ArrangeIcons
wm geometry . 900x785+1758+0
Mdi:ArrangeIcons
wm geometry . 900x785+1768+0
Mdi:ArrangeIcons
wm geometry . 900x785+1776+0
Mdi:ArrangeIcons
wm geometry . 900x785+1780+0
Mdi:ArrangeIcons
wm geometry . 900x785+1781+0
Mdi:ArrangeIcons
wm geometry . 900x785+1782+0
Mdi:ArrangeIcons
wm geometry . 900x785+1779+0
Mdi:ArrangeIcons
wm geometry . 900x785+1777+0
Mdi:ArrangeIcons
wm geometry . 900x785+1775+0
Mdi:ArrangeIcons
wm geometry . 900x785+1767+0
Mdi:ArrangeIcons
wm geometry . 900x785+1759+0
Mdi:ArrangeIcons
wm geometry . 900x785+1749+0
Mdi:ArrangeIcons
wm geometry . 900x785+1741+0
Mdi:ArrangeIcons
wm geometry . 900x785+1733+0
Mdi:ArrangeIcons
wm geometry . 900x785+1727+0
Mdi:ArrangeIcons
wm geometry . 900x785+1719+0
Mdi:ArrangeIcons
wm geometry . 900x785+1716+0
Mdi:ArrangeIcons
wm geometry . 900x785+1710+0
Mdi:ArrangeIcons
wm geometry . 900x785+1707+0
Mdi:ArrangeIcons
wm geometry . 900x785+1701+0
Mdi:ArrangeIcons
wm geometry . 900x785+1693+0
Mdi:ArrangeIcons
wm geometry . 900x785+1685+0
Mdi:ArrangeIcons
wm geometry . 900x785+1677+0
Mdi:ArrangeIcons
wm geometry . 900x785+1669+0
Mdi:ArrangeIcons
wm geometry . 900x785+1666+0
Mdi:ArrangeIcons
wm geometry . 900x785+1658+0
Mdi:ArrangeIcons
wm geometry . 900x785+1652+0
Mdi:ArrangeIcons
wm geometry . 900x785+1649+0
Mdi:ArrangeIcons
wm geometry . 900x785+1647+0
Mdi:ArrangeIcons
wm geometry . 900x785+1644+0
Mdi:ArrangeIcons
wm geometry . 900x785+1642+0
Mdi:ArrangeIcons
wm geometry . 900x785+1639+0
Mdi:ArrangeIcons
wm geometry . 900x785+1637+0
Mdi:ArrangeIcons
wm geometry . 900x785+1636+0
Mdi:ArrangeIcons
wm geometry . 900x785+1635+0
Mdi:ArrangeIcons
wm geometry . 900x785+1634+0
Mdi:ArrangeIcons
wm geometry . 900x785+1633+0
Mdi:ArrangeIcons
wm geometry . 900x785+1632+0
Mdi:ArrangeIcons
wm geometry . 900x785+1631+0
Mdi:ArrangeIcons
wm geometry . 900x785+1630+0
Mdi:ArrangeIcons
wm geometry . 900x785+1629+0
Mdi:ArrangeIcons
wm geometry . 900x785+1627+0
Mdi:ArrangeIcons
wm geometry . 900x785+1626+0
Mdi:ArrangeIcons
wm geometry . 900x785+1624+0
Mdi:ArrangeIcons
wm geometry . 900x785+1623+0
Mdi:ArrangeIcons
wm geometry . 900x785+1622+0
Mdi:ArrangeIcons
wm geometry . 900x785+1621+0
Mdi:ArrangeIcons
wm geometry . 900x785+1620+0
Mdi:ArrangeIcons
wm geometry . 930x807+1620+0
Mdi:ArrangeIcons
wm geometry . 1226x957+1620+0
Mdi:ArrangeIcons
wm geometry . 1570x1141+1620+0
Mdi:FullSize
ScopeSigMgr:loadpffile /home/user4/spring13/jy2525/simulation_vlsi/and2/wddlor2.tr0 1 openonly
wm geometry .sigmgr 378x200+2804+103
wm geometry .sigmgr 378x200+2794+105
wm geometry .sigmgr 378x200+2780+109
wm geometry .sigmgr 378x200+2762+111
wm geometry .sigmgr 378x200+2738+113
wm geometry .sigmgr 378x200+2708+115
wm geometry .sigmgr 378x200+2670+117
wm geometry .sigmgr 378x200+2626+121
wm geometry .sigmgr 378x200+2576+125
wm geometry .sigmgr 378x200+2520+127
wm geometry .sigmgr 378x200+2460+129
wm geometry .sigmgr 378x200+2396+133
wm geometry .sigmgr 378x200+2328+135
wm geometry .sigmgr 378x200+2252+137
wm geometry .sigmgr 378x200+2168+139
wm geometry .sigmgr 378x200+2080+141
wm geometry .sigmgr 378x200+1986+143
wm geometry .sigmgr 378x200+1894+143
wm geometry .sigmgr 378x200+1806+143
wm geometry .sigmgr 378x200+1722+143
wm geometry .sigmgr 378x200+1642+143
wm geometry .sigmgr 378x200+1600+143
wm geometry .sigmgr 378x200+1514+141
wm geometry .sigmgr 378x200+1464+141
wm geometry .sigmgr 378x200+1426+139
wm geometry .sigmgr 378x200+1396+139
wm geometry .sigmgr 378x200+1378+139
wm geometry .sigmgr 378x200+1364+139
wm geometry .sigmgr 378x200+1356+139
wm geometry .sigmgr 378x200+1348+137
wm geometry .sigmgr 378x200+1346+137
wm geometry .sigmgr 378x200+1343+137
wm geometry .sigmgr 378x200+1335+137
wm geometry .sigmgr 378x200+1325+137
wm geometry .sigmgr 378x200+1311+137
wm geometry .sigmgr 378x200+1295+139
wm geometry .sigmgr 378x200+1277+139
wm geometry .sigmgr 378x200+1259+141
wm geometry .sigmgr 378x200+1241+143
wm geometry .sigmgr 378x200+1223+145
wm geometry .sigmgr 378x200+1212+145
wm geometry .sigmgr 378x200+1169+145
wm geometry .sigmgr 378x200+1153+145
wm geometry .sigmgr 378x200+1137+147
wm geometry .sigmgr 378x200+1123+147
wm geometry .sigmgr 378x200+1111+147
wm geometry .sigmgr 378x200+1099+147
wm geometry .sigmgr 378x200+1096+147
wm geometry .sigmgr 378x200+1094+147
wm geometry .sigmgr 378x200+1093+147
wm geometry .sigmgr 378x200+1092+148
wm geometry .sigmgr 378x200+1082+152
wm geometry .sigmgr 378x200+1068+156
wm geometry .sigmgr 378x200+1048+162
wm geometry .sigmgr 378x200+1024+168
wm geometry .sigmgr 378x200+996+172
wm geometry .sigmgr 378x200+966+178
wm geometry .sigmgr 378x200+938+182
wm geometry .sigmgr 378x200+912+184
wm geometry .sigmgr 378x200+890+188
wm geometry .sigmgr 378x200+872+188
wm geometry .sigmgr 378x200+856+188
wm geometry .sigmgr 378x200+848+190
wm geometry .sigmgr 378x200+846+190
wm geometry .sigmgr 378x200+845+191
wm geometry .sigmgr 378x200+843+191
wm geometry .sigmgr 378x200+841+192
wm geometry .sigmgr 378x200+840+192
pf:read PF:1 i(vwddlvdd)
Graph addsignal WF:1:1 -region new -yview real(y) -xview real(x) -tracehi 2
# Signal0
wm geometry .sigmgr._PF:1 208x311+1600+598
wm geometry .sigmgr._PF:1 208x311+1554+596
wm geometry .sigmgr._PF:1 208x311+1520+592
wm geometry .sigmgr._PF:1 208x311+1478+586
wm geometry .sigmgr._PF:1 208x311+1424+578
wm geometry .sigmgr._PF:1 208x311+1382+568
wm geometry .sigmgr._PF:1 208x311+1258+548
wm geometry .sigmgr._PF:1 208x311+1214+538
wm geometry .sigmgr._PF:1 208x311+1180+528
wm geometry .sigmgr._PF:1 208x311+1152+520
wm geometry .sigmgr._PF:1 208x311+1132+512
wm geometry .sigmgr._PF:1 208x311+1120+504
wm geometry .sigmgr._PF:1 208x311+1116+501
wm geometry .sigmgr._PF:1 208x311+1115+501
ScopeSigMgr:loadpffile /home/user4/spring13/jy2525/simulation_vlsi/or/or.tr0 1 openonly
wm geometry .sigmgr._PF:2 208x311+1628+630
wm geometry .sigmgr._PF:2 208x311+1614+628
wm geometry .sigmgr._PF:2 208x311+1600+628
wm geometry .sigmgr._PF:2 208x311+1566+626
wm geometry .sigmgr._PF:2 208x311+1532+622
wm geometry .sigmgr._PF:2 208x311+1488+616
wm geometry .sigmgr._PF:2 208x311+1436+606
wm geometry .sigmgr._PF:2 208x311+1333+584
wm geometry .sigmgr._PF:2 208x311+1216+562
wm geometry .sigmgr._PF:2 208x311+1115+530
wm geometry .sigmgr._PF:2 208x311+1096+522
wm geometry .sigmgr._PF:2 208x311+1084+516
wm geometry .sigmgr._PF:2 208x311+1080+512
wm geometry .sigmgr._PF:2 208x311+1076+508
wm geometry .sigmgr._PF:2 208x311+1074+508
wm geometry .sigmgr._PF:2 208x311+1066+510
wm geometry .sigmgr._PF:2 208x311+1050+510
wm geometry .sigmgr._PF:2 208x311+1026+512
wm geometry .sigmgr._PF:2 208x311+998+512
wm geometry .sigmgr._PF:2 208x311+962+512
wm geometry .sigmgr._PF:2 208x311+928+512
wm geometry .sigmgr._PF:2 208x311+892+512
wm geometry .sigmgr._PF:2 208x311+862+512
wm geometry .sigmgr._PF:2 208x311+838+512
wm geometry .sigmgr._PF:2 208x311+824+512
wm geometry .sigmgr._PF:2 208x311+814+512
wm geometry .sigmgr._PF:2 208x311+812+511
wm geometry .sigmgr._PF:2 208x311+813+511
Graph:Select Graph0
Graph itemselect all add
# Signal0
Graph delsignal selected
Graph:ClearItems
wm geometry .sigmgr._PF:2 208x311+803+507
wm geometry .sigmgr._PF:2 208x311+785+503
wm geometry .sigmgr._PF:2 208x311+770+501
wm geometry .sigmgr._PF:2 208x311+733+501
wm geometry .sigmgr._PF:2 208x311+667+481
wm geometry .sigmgr._PF:2 208x311+635+473
wm geometry .sigmgr._PF:2 208x311+605+467
wm geometry .sigmgr._PF:2 208x311+579+459
wm geometry .sigmgr._PF:2 208x311+559+453
wm geometry .sigmgr._PF:2 208x311+545+447
wm geometry .sigmgr._PF:2 208x311+539+443
wm geometry .sigmgr._PF:2 208x311+538+442
wm geometry .sigmgr._PF:2 208x311+538+441
wm geometry .sigmgr._PF:2 208x311+539+440
wm geometry .sigmgr._PF:2 208x311+540+440
wm geometry .sigmgr._PF:2 208x311+541+439
wm geometry .sigmgr._PF:2 208x311+542+438
wm geometry .sigmgr._PF:2 208x311+548+434
wm geometry .sigmgr._PF:2 208x311+554+430
wm geometry .sigmgr._PF:2 208x311+556+429
wm geometry .sigmgr._PF:2 208x311+560+425
wm geometry .sigmgr._PF:2 208x311+568+422
wm geometry .sigmgr._PF:2 208x311+569+422
wm geometry .sigmgr._PF:2 208x311+570+422
Graph:DSel
pf:read PF:1 i(vwddlvdd)
Graph addsignal WF:1:1 -region new -yview real(y) -xview real(x) -tracehi 2
# Signal0
ScopeSigMgr:Unload 0 {{(2) or.tr0}}
ScopeSigMgr:Unload 0 {{(1) wddlor2.tr0}}
ScopeSigMgr:loadpffile /home/user4/spring13/jy2525/simulation_vlsi/or/or.tr0 1 openonly
pf:read PF:3 i(vorvdd)
Graph addsignal WF:3:1 -region new -yview real(y) -xview real(x) -tracehi 2
# Signal0
wm geometry .sigmgr._PF:3 208x311+1600+602
wm geometry .sigmgr._PF:3 208x311+1556+602
wm geometry .sigmgr._PF:3 208x311+1524+602
wm geometry .sigmgr._PF:3 208x311+1472+602
wm geometry .sigmgr._PF:3 208x311+1420+596
wm geometry .sigmgr._PF:3 208x311+1342+590
wm geometry .sigmgr._PF:3 208x311+1272+586
wm geometry .sigmgr._PF:3 208x311+1202+578
wm geometry .sigmgr._PF:3 208x311+1122+572
wm geometry .sigmgr._PF:3 208x311+1056+562
wm geometry .sigmgr._PF:3 208x311+1004+554
wm geometry .sigmgr._PF:3 208x311+964+546
wm geometry .sigmgr._PF:3 208x311+938+538
wm geometry .sigmgr._PF:3 208x311+926+532
wm geometry .sigmgr._PF:3 208x311+925+530
wm geometry .sigmgr._PF:3 208x311+925+529
wm geometry .sigmgr._PF:3 208x311+925+528
wm geometry .sigmgr._PF:3 208x311+926+527
wm geometry .sigmgr._PF:3 208x311+926+526
wm geometry .sigmgr._PF:3 208x311+926+525
wm geometry .sigmgr._PF:3 208x311+926+524
wm geometry .sigmgr._PF:3 208x311+927+522
wm geometry .sigmgr._PF:3 208x311+931+516
ScopeSigMgr:loadpffile /home/user4/spring13/jy2525/simulation_vlsi/wddl_or/wddl_or.tr0 1 openonly
wm geometry .sigmgr._PF:4 208x311+1627+630
wm geometry .sigmgr._PF:4 208x311+1617+630
wm geometry .sigmgr._PF:4 208x311+1601+628
wm geometry .sigmgr._PF:4 208x311+1600+624
wm geometry .sigmgr._PF:4 208x311+1559+622
wm geometry .sigmgr._PF:4 208x311+1531+620
wm geometry .sigmgr._PF:4 208x311+1501+618
wm geometry .sigmgr._PF:4 208x311+1471+614
wm geometry .sigmgr._PF:4 208x311+1439+612
wm geometry .sigmgr._PF:4 208x311+1403+610
wm geometry .sigmgr._PF:4 208x311+1382+608
wm geometry .sigmgr._PF:4 208x311+1339+608
wm geometry .sigmgr._PF:4 208x311+1309+606
wm geometry .sigmgr._PF:4 208x311+1283+606
wm geometry .sigmgr._PF:4 208x311+1263+606
wm geometry .sigmgr._PF:4 208x311+1249+606
wm geometry .sigmgr._PF:4 208x311+1241+606
wm geometry .sigmgr._PF:4 208x311+1239+606
wm geometry .sigmgr._PF:4 208x311+1239+605
ScopeSigMgr:Unload 0 {{(2) wddl_or.tr0}}
ScopeSigMgr:loadpffile /home/user4/spring13/jy2525/simulation_vlsi/and2/wddlor2.tr0 1 openonly
pf:read PF:5 i(vwddlorvdd)
Graph addsignal WF:5:1 -region new -yview real(y) -xview real(x) -tracehi 2
# Signal1
wm geometry .sigmgr._PF:5 208x311+1658+660
wm geometry .sigmgr._PF:5 208x311+1650+660
wm geometry .sigmgr._PF:5 208x311+1636+662
wm geometry .sigmgr._PF:5 208x311+1614+662
wm geometry .sigmgr._PF:5 208x311+1600+662
wm geometry .sigmgr._PF:5 208x311+1554+662
wm geometry .sigmgr._PF:5 208x311+1514+662
wm geometry .sigmgr._PF:5 208x311+1474+660
wm geometry .sigmgr._PF:5 208x311+1430+656
wm geometry .sigmgr._PF:5 208x311+1384+652
wm geometry .sigmgr._PF:5 208x311+1334+646
wm geometry .sigmgr._PF:5 208x311+1290+636
wm geometry .sigmgr._PF:5 208x311+1250+632
wm geometry .sigmgr._PF:5 208x311+1214+624
wm geometry .sigmgr._PF:5 208x311+1180+616
wm geometry .sigmgr._PF:5 208x311+1158+610
wm geometry .sigmgr._PF:5 208x311+1149+604
wm geometry .sigmgr._PF:5 208x311+1128+600
wm geometry .sigmgr._PF:5 208x311+1120+594
wm geometry .sigmgr._PF:5 208x311+1112+592
wm geometry .sigmgr._PF:5 208x311+1110+591
wm geometry .sigmgr._PF:5 208x311+1108+591
wm geometry .sigmgr._PF:5 208x311+1108+590
pf:read PF:5 v(a_i)
Graph addsignal WF:5:2 -region new -yview real(y) -xview real(x) -tracehi 2
# Signal2
Graph:DSel
Graph:Select Graph0
Graph:DSel
wm geometry .sigmgr._PF:3 208x311+929+516
wm geometry .sigmgr._PF:3 208x311+913+524
wm geometry .sigmgr._PF:3 208x311+901+528
wm geometry .sigmgr._PF:3 208x311+887+532
wm geometry .sigmgr._PF:3 208x311+873+536
wm geometry .sigmgr._PF:3 208x311+843+542
wm geometry .sigmgr._PF:3 208x311+793+546
Graph:DSel
pf:read PF:3 v(a_i)
Graph addsignal WF:3:2 -region new -yview real(y) -xview real(x) -tracehi 2
# Signal3
pf:read PF:5 v(b_i)
Graph addsignal WF:5:3 -region new -yview real(y) -xview real(x) -tracehi 2
# Signal4
Graph:DSel
Graph:Select Graph0
Graph axisconfig AxisY(4,0) -range {0.66454431132537 -1.4521125828063}
Graph axisconfig {AxisY(0,0) AxisX(0) AxisY(1,0) AxisY(2,0) AxisY(3,0) AxisY(4,0)} -range {all all all all all all}
Graph axisconfig AxisY(4,0) -range {0.80756166903697 -1.0993364337844}
Graph axisconfig {AxisY(0,0) AxisX(0) AxisY(1,0) AxisY(2,0) AxisY(3,0) AxisY(4,0)} -range {all all all all all all}
Graph:DSel
Graph:DSel
Graph:DSel
Graph:DSel
Graph axisconfig {AxisY(0,0) AxisX(0) AxisY(1,0) AxisY(2,0) AxisY(3,0) AxisY(4,0)} -range {all all all all all all}
Graph axisconfig {AxisY(0,0) AxisX(0) AxisY(1,0) AxisY(2,0) AxisY(3,0) AxisY(4,0)} -range {{-1.175u -350n } {3.3u 6.6u } {-3.69u -1.38u } {0.495 0.99 } {0.495 0.99 } {0.495 0.99 }}
Graph axisconfig {AxisY(0,0) AxisX(0) AxisY(1,0) AxisY(2,0) AxisY(3,0) AxisY(4,0)} -range {all all all all all all}
Graph:DSel
Graph:DSel
Graph axisconfig {AxisY(0,0) AxisX(0)} -range {{337.84912761954n -1.8868653398131u} {2.51758u -326.318n}}
Graph axisconfig AxisX(0) -range {1.25u 4.75u exact}
Graph axisconfig AxisX(0) -range {3u 6.5u exact}
Graph axisconfig AxisX(0) -range {4.75u 8.25u exact}
Graph axisconfig AxisX(0) -range {6.5u 10u exact}
Graph axisconfig AxisX(0) -range {8.25u 11.75u exact}
Graph axisconfig AxisX(0) -range {6.5u 10u exact}
Graph:DSel
Graph:DSel
Graph axisconfig AxisX(0) -range {8.25u 11.75u exact}
Graph axisconfig AxisX(0) -range {6.5u 10u exact}
Graph axisconfig AxisX(0) -range {8.25u 11.75u exact}
Graph axisconfig AxisX(0) -range {10u 13.5u exact}
Graph axisconfig AxisX(0) -range {11.75u 15.25u exact}
Graph axisconfig AxisX(0) -range {10u 13.5u exact}
Graph axisconfig AxisX(0) -range {8.25u 11.75u exact}
Graph axisconfig AxisX(0) -range {6.5u 10u exact}
Graph axisconfig AxisX(0) -range {4.75u 8.25u exact}
Graph axisconfig AxisX(0) -range {3u 6.5u exact}
Graph axisconfig AxisX(0) -range {1.25u 4.75u exact}
Graph axisconfig AxisX(0) -range {-500n 3u exact}
Graph axisconfig AxisX(0) -range {-2.25u 1.25u exact}
Graph axisconfig AxisX(0) -range {-500n 3u exact}
Graph axisconfig AxisX(0) -range {1.25u 4.75u exact}
Graph axisconfig AxisX(0) -range {-500n 3u exact}
Graph axisconfig AxisX(0) -range {1.25u 4.75u exact}
Graph axisconfig AxisX(0) -range {3u 6.5u exact}
Graph axisconfig AxisX(0) -range {4.75u 8.25u exact}
Graph axisconfig AxisX(0) -range {6.5u 10u exact}
Graph axisconfig AxisX(0) -range {4.75u 8.25u exact}
Graph axisconfig AxisX(0) -range {3u 6.5u exact}
Graph axisconfig AxisX(0) -range {1.25u 4.75u exact}
Graph axisconfig AxisX(0) -range {-500n 3u exact}
Graph axisconfig AxisX(0) -range {-2.25u 1.25u exact}
Graph axisconfig AxisX(0) -range {-4u -500n exact}
Graph axisconfig AxisX(0) -range {-5.75u -2.25u exact}
Graph axisconfig AxisX(0) -range {-9.25u -5.75u exact}
Graph axisconfig AxisX(0) -range {-7.5u -4u exact}
Graph axisconfig AxisX(0) -range {-12.75u -9.25u exact}
Graph axisconfig AxisX(0) -range {-16.25u -12.75u exact}
Graph axisconfig AxisX(0) -range {-14.5u -11u exact}
Graph axisconfig AxisX(0) -range {-19.75u -16.25u exact}
Graph axisconfig AxisX(0) -range {-23.25u -19.75u exact}
Graph axisconfig AxisX(0) -range {-21.5u -18u exact}
Graph axisconfig AxisX(0) -range {-25u -21.5u exact}
Graph axisconfig AxisX(0) -range {-18u -14.5u exact}
Graph axisconfig AxisX(0) -range {-11u -7.5u exact}
Graph axisconfig AxisX(0) -range {-23.25u -19.75u exact}
Graph axisconfig AxisX(0) -range {-19.75u -16.25u exact}
Graph axisconfig AxisX(0) -range {-21.5u -18u exact}
Graph axisconfig AxisX(0) -range {-16.25u -12.75u exact}
Graph axisconfig AxisX(0) -range {-12.75u -9.25u exact}
Graph axisconfig AxisX(0) -range {-14.5u -11u exact}
Graph axisconfig AxisX(0) -range {-9.25u -5.75u exact}
Graph axisconfig AxisX(0) -range {-11u -7.5u exact}
Graph axisconfig AxisX(0) -range {-5.75u -2.25u exact}
Graph axisconfig AxisX(0) -range {-2.25u 1.25u exact}
Graph axisconfig AxisX(0) -range {-4u -500n exact}
Graph axisconfig AxisX(0) -range {1.25u 4.75u exact}
Graph axisconfig AxisX(0) -range {4.75u 8.25u exact}
Graph axisconfig AxisX(0) -range {3u 6.5u exact}
Graph axisconfig AxisX(0) -range {8.25u 11.75u exact}
Graph axisconfig AxisX(0) -range {6.5u 10u exact}
Graph axisconfig AxisX(0) -range {-500n 3u exact}
Graph axisconfig AxisX(0) -range {-7.5u -4u exact}
Graph axisconfig AxisX(0) -range {-18u -14.5u exact}
Graph axisconfig AxisX(0) -range {10u 13.5u exact}
Graph axisconfig AxisX(0) -range {11.75u 15.25u exact}
Graph axisconfig AxisX(0) -range {10u 13.5u exact}
Graph axisconfig AxisX(0) -range {8.25u 11.75u exact}
Graph axisconfig AxisX(0) -range {6.5u 10u exact}
Graph axisconfig AxisX(0) -range {4.75u 8.25u exact}
Graph axisconfig AxisX(0) -range {3u 6.5u exact}
Graph axisconfig AxisX(0) -range {1.25u 4.75u exact}
Graph axisconfig {AxisY(0,0) AxisX(0) AxisY(1,0) AxisY(2,0) AxisY(3,0) AxisY(4,0)} -range {all all all all all all}
Graph:DSel
Graph itemselect AxisY(3,0) add
# AxisY(3,0)
Graph:DSel
