
                        DC Professional (TM)
                           DC Expert (TM)
                            DC Ultra (TM)
                       FloorPlan Manager (TM)
                          HDL Compiler (TM)
                         VHDL Compiler (TM)
                        Library Compiler (TM)
                      DesignWare Developer (TM)
                          DFT Compiler (TM)
                            BSD Compiler
                         Power Compiler (TM)

           Version A-2007.12-SP4 for linux -- May 31, 2008
              Copyright (c) 1988-2008 by Synopsys, Inc.
                         ALL RIGHTS RESERVED

This software and the associated documentation are confidential and 
proprietary to Synopsys, Inc. Your use or disclosure of this software 
is subject to the terms and conditions of a written license agreement 
between you, or your company, and Synopsys, Inc.

The above trademark notice does not imply that you are licensed to use 
all of the listed products. You are licensed to use only those products 
for which you have lawfully obtained a valid license key.

Initializing...
Error: could not open script file "/home/user6/spring13/wy2211/dc_shell_WDDL/diff.tcl" (CMD-015)
dc_shell> exit

Thank you...
