ScopeSigMgr:loadpffile /home/user2/spring13/asc2171/avlsi/project/ELEN6321/simulation_vlsi/dflipflop/dflipflop.tr0 1 openonly
pf:read PF:1 power(vffvdd)
Graph addsignal WF:1:1 -region new -yview dbm(y) -xview real(x) -tracehi 2
# Signal0
Mdi:FullSize
pf:read PF:1 v(d)
Graph addsignal WF:1:2 -region new -yview real(y) -xview real(x) -tracehi 2
# Signal1
pf:read PF:1 v(clk)
Graph addsignal WF:1:3 -region new -yview real(y) -xview real(x) -tracehi 2
# Signal2
pf:read PF:1 v(q)
Graph addsignal WF:1:4 -region new -yview real(y) -xview real(x) -tracehi 2
# Signal3
ScopeSigMgr:loadpffile /home/user2/spring13/asc2171/avlsi/project/ELEN6321/simulation_vlsi/dflipflop/dflipflopwddl.tr0 1 openonly
pf:read PF:2 power(vwddlffvdd)
Graph addsignal WF:2:1 -region new -yview dbm(y) -xview real(x) -tracehi 2
# Signal4
Graph:Select Graph0
Graph itemselect all add
# Signal4
Graph delsignal selected
Graph:ClearItems
Graph:DSel
pf:read PF:2 power(vwddlffvdd)
Graph addsignal WF:2:1 -region new -yview dbm(y) -xview real(x) -tracehi 2
# Signal0
pf:read PF:1 power(vffvdd)
Graph addsignal WF:1:1 -region new -yview dbm(y) -xview real(x) -tracehi 2
# Signal1
Mdi:ArrangeIcons
wm geometry . 900x785+2+85
Mdi:ArrangeIcons
wm geometry . 900x785+8+89
Mdi:ArrangeIcons
wm geometry . 900x785+14+93
Mdi:ArrangeIcons
wm geometry . 900x785+20+97
Mdi:ArrangeIcons
wm geometry . 900x785+28+103
Mdi:ArrangeIcons
wm geometry . 900x785+34+109
Mdi:ArrangeIcons
wm geometry . 900x785+44+117
Mdi:ArrangeIcons
wm geometry . 900x785+58+127
Mdi:ArrangeIcons
wm geometry . 900x785+72+137
Mdi:ArrangeIcons
wm geometry . 900x785+90+147
Mdi:ArrangeIcons
wm geometry . 900x785+134+173
Mdi:ArrangeIcons
wm geometry . 900x785+180+188
Mdi:ArrangeIcons
wm geometry . 900x785+290+232
Mdi:ArrangeIcons
wm geometry . 900x785+356+261
Mdi:ArrangeIcons
wm geometry . 900x785+426+275
Mdi:ArrangeIcons
Mdi:ArrangeIcons
wm geometry . 900x785+462+283
Mdi:ArrangeIcons
wm geometry . 900x785+496+289
Mdi:ArrangeIcons
wm geometry . 900x785+572+303
Mdi:ArrangeIcons
wm geometry . 900x785+610+307
Mdi:ArrangeIcons
wm geometry . 900x785+648+313
Mdi:ArrangeIcons
Mdi:ArrangeIcons
wm geometry . 900x785+688+317
Mdi:ArrangeIcons
wm geometry . 900x785+720+323
Mdi:ArrangeIcons
wm geometry . 900x785+762+329
Mdi:ArrangeIcons
wm geometry . 900x785+800+331
Mdi:ArrangeIcons
wm geometry . 900x785+822+333
Mdi:ArrangeIcons
wm geometry . 900x785+860+335
Mdi:ArrangeIcons
wm geometry . 900x785+886+337
Mdi:ArrangeIcons
wm geometry . 900x785+904+337
Mdi:ArrangeIcons
wm geometry . 900x785+920+339
Mdi:ArrangeIcons
wm geometry . 900x785+932+339
Mdi:ArrangeIcons
wm geometry . 900x785+944+339
Mdi:ArrangeIcons
wm geometry . 900x785+952+341
Mdi:ArrangeIcons
wm geometry . 900x785+960+341
Mdi:ArrangeIcons
wm geometry . 900x785+966+343
Mdi:ArrangeIcons
wm geometry . 900x785+968+343
Mdi:ArrangeIcons
wm geometry . 900x785+972+339
Mdi:ArrangeIcons
wm geometry . 900x785+982+333
Mdi:ArrangeIcons
wm geometry . 900x785+994+323
Mdi:ArrangeIcons
wm geometry . 900x785+1024+301
Mdi:ArrangeIcons
wm geometry . 900x785+1042+291
Mdi:ArrangeIcons
wm geometry . 900x785+1076+261
Mdi:ArrangeIcons
wm geometry . 900x785+1120+229
Mdi:ArrangeIcons
wm geometry . 900x785+1178+193
Mdi:ArrangeIcons
wm geometry . 900x785+1236+175
Mdi:ArrangeIcons
wm geometry . 900x785+1262+147
Mdi:ArrangeIcons
wm geometry . 900x785+1354+105
Mdi:ArrangeIcons
wm geometry . 900x785+1374+97
Mdi:ArrangeIcons
wm geometry . 900x785+1392+97
Mdi:ArrangeIcons
wm geometry . 900x785+1462+65
Mdi:ArrangeIcons
wm geometry . 900x785+1486+55
Mdi:ArrangeIcons
wm geometry . 900x785+1514+52
Mdi:ArrangeIcons
wm geometry . 900x785+1568+52
Mdi:ArrangeIcons
wm geometry . 900x785+1590+17
Mdi:ArrangeIcons
wm geometry . 900x785+1600+11
Mdi:ArrangeIcons
wm geometry . 900x785+1600+5
Mdi:ArrangeIcons
wm geometry . 900x785+1644+0
Mdi:ArrangeIcons
wm geometry . 900x785+1654+0
Mdi:ArrangeIcons
wm geometry . 900x785+1664+0
Mdi:ArrangeIcons
wm geometry . 900x785+1674+0
Mdi:ArrangeIcons
wm geometry . 900x785+1676+0
Mdi:ArrangeIcons
wm geometry . 900x785+1678+0
Mdi:ArrangeIcons
wm geometry . 900x785+1679+0
Mdi:ArrangeIcons
wm geometry . 900x785+1680+0
Mdi:ArrangeIcons
wm geometry . 900x785+1682+0
Mdi:ArrangeIcons
wm geometry . 900x785+1690+0
Mdi:ArrangeIcons
wm geometry . 900x785+1698+0
Mdi:ArrangeIcons
wm geometry . 900x785+1706+0
Mdi:ArrangeIcons
wm geometry . 900x785+1714+3
Mdi:ArrangeIcons
wm geometry . 900x785+1722+7
Mdi:ArrangeIcons
wm geometry . 900x785+1732+13
Mdi:ArrangeIcons
wm geometry . 900x785+1732+17
Mdi:ArrangeIcons
wm geometry . 900x785+1748+21
Mdi:ArrangeIcons
wm geometry . 900x785+1758+27
Mdi:ArrangeIcons
wm geometry . 900x785+1764+29
Mdi:ArrangeIcons
wm geometry . 900x785+1770+31
Mdi:ArrangeIcons
wm geometry . 900x785+1772+32
Mdi:ArrangeIcons
wm geometry . 900x785+1774+33
Mdi:ArrangeIcons
wm geometry . 900x785+1776+34
Mdi:ArrangeIcons
wm geometry . 900x785+1778+34
Mdi:ArrangeIcons
wm geometry . 900x785+1779+35
Mdi:ArrangeIcons
wm geometry . 900x785+1781+36
Mdi:ArrangeIcons
wm geometry . 900x785+1783+36
Mdi:ArrangeIcons
wm geometry . 900x785+1785+37
Mdi:ArrangeIcons
wm geometry . 900x785+1787+38
Mdi:ArrangeIcons
wm geometry . 900x785+1788+39
Mdi:ArrangeIcons
wm geometry . 900x785+1789+40
Mdi:ArrangeIcons
wm geometry . 900x785+1790+40
Mdi:ArrangeIcons
wm geometry . 900x785+1792+40
Mdi:ArrangeIcons
wm geometry . 900x785+1795+40
Mdi:ArrangeIcons
wm geometry . 900x785+1797+41
Mdi:ArrangeIcons
wm geometry . 900x785+1799+42
Mdi:ArrangeIcons
wm geometry . 900x785+1801+42
Mdi:ArrangeIcons
wm geometry . 900x785+1803+42
Mdi:ArrangeIcons
wm geometry . 900x785+1805+42
Mdi:ArrangeIcons
wm geometry . 900x785+1807+42
Mdi:ArrangeIcons
wm geometry . 900x785+1808+42
Mdi:ArrangeIcons
wm geometry . 900x785+1810+42
Mdi:ArrangeIcons
wm geometry . 900x785+1812+42
Mdi:ArrangeIcons
wm geometry . 900x785+1813+42
Mdi:ArrangeIcons
wm geometry . 900x785+1814+42
ScopeSigMgr:Reload 0 {{(1) dflipflop.tr0}}
wm geometry .sigmgr._PF:1 208x311+1600+602
wm geometry .sigmgr._PF:1 208x311+1600+604
wm geometry .sigmgr._PF:1 208x311+1600+605
wm geometry .sigmgr._PF:1 208x311+1600+607
wm geometry .sigmgr._PF:1 208x311+1600+611
wm geometry .sigmgr._PF:1 208x311+1559+615
wm geometry .sigmgr._PF:1 208x311+1549+619
wm geometry .sigmgr._PF:1 208x311+1535+621
wm geometry .sigmgr._PF:1 208x311+1517+625
wm geometry .sigmgr._PF:1 208x311+1497+629
wm geometry .sigmgr._PF:1 208x311+1475+630
wm geometry .sigmgr._PF:1 208x311+1451+630
wm geometry .sigmgr._PF:1 208x311+1423+630
wm geometry .sigmgr._PF:1 208x311+1397+630
wm geometry .sigmgr._PF:1 208x311+1382+631
wm geometry .sigmgr._PF:1 208x311+1347+627
wm geometry .sigmgr._PF:1 208x311+1327+623
wm geometry .sigmgr._PF:1 208x311+1309+617
wm geometry .sigmgr._PF:1 208x311+1295+613
wm geometry .sigmgr._PF:1 208x311+1285+611
wm geometry .sigmgr._PF:1 208x311+1277+609
wm geometry .sigmgr._PF:1 208x311+1276+609
wm geometry .sigmgr._PF:1 208x311+1275+608
wm geometry .sigmgr._PF:1 208x311+1274+608
wm geometry .sigmgr._PF:1 208x311+1276+608
wm geometry .sigmgr._PF:1 208x311+1278+609
ScopeSigMgr:Reload 0 {{(2) dflipflopwddl.tr0}}
wm geometry .sigmgr._PF:2 208x311+1628+631
wm geometry .sigmgr._PF:2 208x311+1627+631
wm geometry .sigmgr._PF:2 208x311+1626+631
wm geometry .sigmgr._PF:2 208x311+1625+632
wm geometry .sigmgr._PF:2 208x311+1623+633
wm geometry .sigmgr._PF:2 208x311+1622+635
wm geometry .sigmgr._PF:2 208x311+1614+641
wm geometry .sigmgr._PF:2 208x311+1610+647
wm geometry .sigmgr._PF:2 208x311+1606+657
wm geometry .sigmgr._PF:2 208x311+1600+665
wm geometry .sigmgr._PF:2 208x311+1600+695
wm geometry .sigmgr._PF:2 208x311+1560+703
wm geometry .sigmgr._PF:2 208x311+1546+711
wm geometry .sigmgr._PF:2 208x311+1528+719
wm geometry .sigmgr._PF:2 208x311+1510+727
wm geometry .sigmgr._PF:2 208x311+1496+733
wm geometry .sigmgr._PF:2 208x311+1496+741
wm geometry .sigmgr._PF:2 208x311+1470+745
wm geometry .sigmgr._PF:2 208x311+1456+749
wm geometry .sigmgr._PF:2 208x311+1442+755
wm geometry .sigmgr._PF:2 208x311+1429+759
wm geometry .sigmgr._PF:2 208x311+1429+765
wm geometry .sigmgr._PF:2 208x311+1406+767
wm geometry .sigmgr._PF:2 208x311+1396+769
wm geometry .sigmgr._PF:2 208x311+1390+771
wm geometry .sigmgr._PF:2 208x311+1382+773
wm geometry .sigmgr._PF:2 208x311+1382+772
wm geometry .sigmgr._PF:2 208x311+1382+770
wm geometry .sigmgr._PF:2 208x311+1382+768
wm geometry .sigmgr._PF:2 208x311+1382+764
wm geometry .sigmgr._PF:2 208x311+1382+762
wm geometry .sigmgr._PF:2 208x311+1382+758
wm geometry .sigmgr._PF:2 208x311+1382+754
wm geometry .sigmgr._PF:2 208x311+1418+750
wm geometry .sigmgr._PF:2 208x311+1428+746
wm geometry .sigmgr._PF:2 208x311+1436+744
wm geometry .sigmgr._PF:2 208x311+1444+740
wm geometry .sigmgr._PF:2 208x311+1452+738
wm geometry .sigmgr._PF:2 208x311+1458+736
wm geometry .sigmgr._PF:2 208x311+1464+734
wm geometry .sigmgr._PF:2 208x311+1470+732
wm geometry .sigmgr._PF:2 208x311+1478+728
wm geometry .sigmgr._PF:2 208x311+1482+724
wm geometry .sigmgr._PF:2 208x311+1488+722
wm geometry .sigmgr._PF:2 208x311+1496+720
wm geometry .sigmgr._PF:2 208x311+1498+719
wm geometry .sigmgr._PF:2 208x311+1500+718
wm geometry .sigmgr._PF:2 208x311+1502+718
wm geometry .sigmgr._PF:2 208x311+1504+718
wm geometry .sigmgr._PF:2 208x311+1505+718
wm geometry .sigmgr._PF:2 208x311+1506+718
wm geometry .sigmgr._PF:2 208x311+1507+718
wm geometry .sigmgr._PF:2 208x311+1507+717
wm geometry .sigmgr._PF:2 208x311+1508+717
wm geometry .sigmgr._PF:2 208x311+1509+717
wm geometry .sigmgr._PF:2 208x311+1509+716
wm geometry .sigmgr._PF:2 208x311+1510+716
wm geometry .sigmgr._PF:2 208x311+1511+716
wm geometry .sigmgr._PF:2 208x311+1513+716
wm geometry .sigmgr._PF:2 208x311+1514+714
wm geometry .sigmgr._PF:2 208x311+1514+713
wm geometry .sigmgr._PF:2 208x311+1514+712
wm geometry .sigmgr._PF:2 208x311+1537+710
wm geometry .sigmgr._PF:2 208x311+1555+708
wm geometry .sigmgr._PF:2 208x311+1579+706
wm geometry .sigmgr._PF:2 208x311+1596+698
wm geometry .sigmgr._PF:2 208x311+1637+692
wm geometry .sigmgr._PF:2 208x311+1669+682
wm geometry .sigmgr._PF:2 208x311+1703+678
wm geometry .sigmgr._PF:2 208x311+1763+656
wm geometry .sigmgr._PF:2 208x311+1787+648
wm geometry .sigmgr._PF:2 208x311+1811+642
wm geometry .sigmgr._PF:2 208x311+1814+634
wm geometry .sigmgr._PF:2 208x311+1845+630
wm geometry .sigmgr._PF:2 208x311+1857+626
wm geometry .sigmgr._PF:2 208x311+1861+622
wm geometry .sigmgr._PF:2 208x311+1862+621
wm geometry .sigmgr._PF:2 208x311+1862+620
wm geometry .sigmgr._PF:2 208x311+1862+618
wm geometry .sigmgr._PF:2 208x311+1862+616
wm geometry .sigmgr._PF:2 208x311+1862+615
wm geometry .sigmgr._PF:2 208x311+1861+614
wm geometry .sigmgr._PF:2 208x311+1860+613
wm geometry .sigmgr._PF:2 208x311+1860+612
wm geometry .sigmgr._PF:2 208x311+1859+612
wm geometry .sigmgr._PF:2 208x311+1859+611
wm geometry .sigmgr._PF:2 208x311+1858+611
wm geometry .sigmgr._PF:2 208x311+1856+611
wm geometry .sigmgr._PF:2 208x311+1855+610
wm geometry .sigmgr._PF:2 208x311+1854+609
wm geometry .sigmgr._PF:2 208x311+1853+608
wm geometry .sigmgr._PF:2 208x311+1851+607
wm geometry .sigmgr._PF:2 208x311+1849+606
wm geometry .sigmgr._PF:2 208x311+1848+604
wm geometry .sigmgr._PF:2 208x311+1847+602
wm geometry .sigmgr._PF:2 208x311+1843+598
wm geometry .sigmgr._PF:2 208x311+1843+597
wm geometry .sigmgr._PF:2 208x311+1842+596
wm geometry .sigmgr._PF:2 208x311+1842+594
wm geometry .sigmgr._PF:2 208x311+1842+593
wm geometry .sigmgr._PF:2 208x311+1841+592
wm geometry .sigmgr._PF:2 208x311+1841+591
wm geometry .sigmgr._PF:2 208x311+1840+590
wm geometry .sigmgr._PF:2 208x311+1840+589
wm geometry .sigmgr._PF:2 208x311+1840+588
wm geometry .sigmgr._PF:2 208x311+1836+584
wm geometry .sigmgr._PF:2 208x311+1836+583
wm geometry .sigmgr._PF:2 208x311+1835+581
wm geometry .sigmgr._PF:2 208x311+1834+580
wm geometry .sigmgr._PF:2 208x311+1833+578
wm geometry .sigmgr._PF:2 208x311+1833+577
wm geometry .sigmgr._PF:2 208x311+1832+576
pf:read PF:3 v(d)
Graph addsignal WF:3:2 -region new -yview real(y) -xview real(x) -tracehi 2
# Signal3
pf:read PF:3 v(q1)
Graph addsignal WF:3:3 -region new -yview real(y) -xview real(x) -tracehi 2
# Signal4
pf:read PF:3 v(clk)
Graph addsignal WF:3:4 -region new -yview real(y) -xview real(x) -tracehi 2
# Signal5
Mdi:ArrangeIcons
wm geometry . 900x785+1815+42
Mdi:ArrangeIcons
wm geometry . 900x785+1816+42
Mdi:ArrangeIcons
wm geometry . 900x785+1818+42
Mdi:ArrangeIcons
wm geometry . 900x785+1820+42
Mdi:ArrangeIcons
wm geometry . 900x785+1822+43
Mdi:ArrangeIcons
wm geometry . 900x785+1824+44
Mdi:ArrangeIcons
wm geometry . 900x785+1826+44
Mdi:ArrangeIcons
wm geometry . 900x785+1828+44
Mdi:ArrangeIcons
wm geometry . 900x785+1830+44
Mdi:ArrangeIcons
wm geometry . 900x785+1832+45
Mdi:ArrangeIcons
wm geometry . 900x785+1832+47
Mdi:ArrangeIcons
wm geometry . 900x785+1854+49
Mdi:ArrangeIcons
wm geometry . 900x785+1857+49
Mdi:ArrangeIcons
wm geometry . 900x785+1860+49
Mdi:ArrangeIcons
wm geometry . 900x785+1868+49
Mdi:ArrangeIcons
wm geometry . 900x785+1876+51
Mdi:ArrangeIcons
wm geometry . 900x785+1884+51
Mdi:ArrangeIcons
wm geometry . 900x785+1900+51
Mdi:ArrangeIcons
wm geometry . 900x785+1920+53
Mdi:ArrangeIcons
wm geometry . 900x785+1942+55
Mdi:ArrangeIcons
wm geometry . 900x785+1964+57
Mdi:ArrangeIcons
wm geometry . 900x785+1984+57
Mdi:ArrangeIcons
wm geometry . 900x785+2002+59
Mdi:ArrangeIcons
wm geometry . 900x785+2020+59
Mdi:ArrangeIcons
wm geometry . 900x785+2034+59
Mdi:ArrangeIcons
wm geometry . 900x785+2046+59
Mdi:ArrangeIcons
wm geometry . 900x785+2056+61
Mdi:ArrangeIcons
wm geometry . 900x785+2066+61
Mdi:ArrangeIcons
wm geometry . 900x785+2072+63
Mdi:ArrangeIcons
wm geometry . 900x785+2078+65
Mdi:ArrangeIcons
wm geometry . 900x785+2080+66
Mdi:ArrangeIcons
wm geometry . 900x785+2081+67
Mdi:ArrangeIcons
wm geometry . 900x785+2082+67
Mdi:ArrangeIcons
wm geometry . 900x785+2083+67
Mdi:ArrangeIcons
wm geometry . 900x785+2081+68
Mdi:ArrangeIcons
wm geometry . 900x785+2079+68
Mdi:ArrangeIcons
wm geometry . 900x785+2078+68
Mdi:ArrangeIcons
wm geometry . 900x785+2077+69
Mdi:ArrangeIcons
wm geometry . 900x785+2076+69
Mdi:ArrangeIcons
wm geometry . 900x785+2075+69
Mdi:ArrangeIcons
wm geometry . 900x785+2073+69
Mdi:ArrangeIcons
wm geometry . 900x785+2071+70
Mdi:ArrangeIcons
wm geometry . 900x785+2070+71
Mdi:ArrangeIcons
wm geometry . 900x785+2068+71
Mdi:ArrangeIcons
wm geometry . 900x785+2067+71
Mdi:ArrangeIcons
wm geometry . 900x785+2065+72
Mdi:ArrangeIcons
wm geometry . 900x785+2064+73
Mdi:ArrangeIcons
wm geometry . 900x785+2062+73
Mdi:ArrangeIcons
wm geometry . 900x785+2061+73
Mdi:ArrangeIcons
wm geometry . 900x785+2060+74
Mdi:ArrangeIcons
wm geometry . 900x785+2058+74
Mdi:ArrangeIcons
wm geometry . 900x785+2057+75
Mdi:ArrangeIcons
wm geometry . 900x785+2056+75
Mdi:ArrangeIcons
wm geometry . 900x785+2055+76
Mdi:ArrangeIcons
wm geometry . 900x785+2053+76
Mdi:ArrangeIcons
wm geometry . 900x785+2051+77
Mdi:ArrangeIcons
wm geometry . 900x785+2050+78
Mdi:ArrangeIcons
wm geometry . 900x785+2050+79
Mdi:ArrangeIcons
wm geometry . 900x785+2050+80
Mdi:ArrangeIcons
wm geometry . 900x785+2050+81
Mdi:ArrangeIcons
wm geometry . 900x785+2050+82
Mdi:ArrangeIcons
wm geometry . 900x785+2050+83
Mdi:ArrangeIcons
wm geometry . 900x785+2033+83
Mdi:ArrangeIcons
wm geometry . 900x785+2032+83
Mdi:ArrangeIcons
wm geometry . 900x785+2031+83
Mdi:ArrangeIcons
wm geometry . 900x785+2031+84
Graph:DSel
Graph:Select Graph0
Graph:DSel
