ScopeSigMgr:loadpffile /home/user2/spring13/asc2171/avlsi/project/ELEN6321/simulation_vlsi/and/and.tr0 1 openonly
wm geometry .sigmgr._PF:1 208x311+1600+601
wm geometry .sigmgr._PF:1 208x311+1600+603
wm geometry .sigmgr._PF:1 208x311+1600+609
wm geometry .sigmgr._PF:1 208x311+1600+619
wm geometry .sigmgr._PF:1 208x311+1600+627
wm geometry .sigmgr._PF:1 208x311+1639+637
wm geometry .sigmgr._PF:1 208x311+1675+671
wm geometry .sigmgr._PF:1 208x311+1739+727
wm geometry .sigmgr._PF:1 208x311+1757+737
wm geometry .sigmgr._PF:1 208x311+1767+745
wm geometry .sigmgr._PF:1 208x311+1773+749
wm geometry .sigmgr._PF:1 208x311+1777+753
wm geometry .sigmgr._PF:1 208x311+1779+754
wm geometry .sigmgr._PF:1 208x311+1773+756
wm geometry .sigmgr._PF:1 208x311+1771+757
wm geometry .sigmgr._PF:1 208x311+1770+758
wm geometry .sigmgr._PF:1 208x311+1768+758
wm geometry .sigmgr._PF:1 208x311+1766+759
wm geometry .sigmgr._PF:1 208x311+1763+759
wm geometry .sigmgr._PF:1 208x311+1753+759
wm geometry .sigmgr._PF:1 208x311+1739+755
wm geometry .sigmgr._PF:1 208x311+1717+749
wm geometry .sigmgr._PF:1 208x311+1601+709
wm geometry .sigmgr._PF:1 208x311+1457+659
wm geometry .sigmgr._PF:1 208x311+1383+625
wm geometry .sigmgr._PF:1 208x311+1335+599
wm geometry .sigmgr._PF:1 208x311+1319+591
wm geometry .sigmgr._PF:1 208x311+1315+587
wm geometry .sigmgr._PF:1 208x311+1315+586
ScopeSigMgr:loadpffile /home/user2/spring13/asc2171/avlsi/project/ELEN6321/simulation_vlsi/and/wddland.tr0 1 openonly
ScopeSigMgr:Unload 0 {{(2) wddland.tr0}}
ScopeSigMgr:Unload 0
ScopeSigMgr:loadpffile /home/user2/spring13/asc2171/avlsi/project/ELEN6321/simulation_vlsi/and/and.tr0 1 openonly
ScopeSigMgr:loadpffile /home/user2/spring13/asc2171/avlsi/project/ELEN6321/simulation_vlsi/and/wddland.tr0 1 openonly
wm geometry .sigmgr._PF:4 208x311+1631+631
wm geometry .sigmgr._PF:4 208x311+1637+639
wm geometry .sigmgr._PF:4 208x311+1645+649
wm geometry .sigmgr._PF:4 208x311+1653+659
wm geometry .sigmgr._PF:4 208x311+1663+669
wm geometry .sigmgr._PF:4 208x311+1671+675
wm geometry .sigmgr._PF:4 208x311+1681+683
wm geometry .sigmgr._PF:4 208x311+1689+689
wm geometry .sigmgr._PF:4 208x311+1697+695
wm geometry .sigmgr._PF:4 208x311+1705+701
wm geometry .sigmgr._PF:4 208x311+1711+707
wm geometry .sigmgr._PF:4 208x311+1717+711
wm geometry .sigmgr._PF:4 208x311+1718+712
wm geometry .sigmgr._PF:4 208x311+1720+713
wm geometry .sigmgr._PF:4 208x311+1721+713
wm geometry .sigmgr._PF:4 208x311+1722+713
wm geometry .sigmgr._PF:4 208x311+1723+713
wm geometry .sigmgr._PF:4 208x311+1724+713
pf:read PF:4 i(vwddlvdd)
Graph addsignal WF:4:1 -region new -yview real(y) -xview real(x) -tracehi 2
# Signal0
pf:read PF:3 i(vandvdd)
Graph addsignal WF:3:1 -region new -yview real(y) -xview real(x) -tracehi 2
# Signal1
pf:read PF:3 v(a_i)
Graph addsignal WF:3:2 -region new -yview real(y) -xview real(x) -tracehi 2
# Signal2
pf:read PF:3 v(b_i)
Graph addsignal WF:3:3 -region new -yview real(y) -xview real(x) -tracehi 2
# Signal3
Mdi:FullSize
wm geometry .sigmgr 378x200+518+188
wm geometry .sigmgr 378x200+528+186
wm geometry .sigmgr 378x200+534+184
wm geometry .sigmgr 378x200+548+188
wm geometry .sigmgr 378x200+582+208
wm geometry .sigmgr 378x200+616+228
wm geometry .sigmgr 378x200+652+252
wm geometry .sigmgr 378x200+686+276
wm geometry .sigmgr 378x200+724+294
wm geometry .sigmgr 378x200+768+310
wm geometry .sigmgr 378x200+814+320
wm geometry .sigmgr 378x200+856+324
wm geometry .sigmgr 378x200+892+326
wm geometry .sigmgr 378x200+908+326
wm geometry .sigmgr 378x200+926+324
wm geometry .sigmgr 378x200+942+322
wm geometry .sigmgr 378x200+956+322
wm geometry .sigmgr 378x200+968+320
wm geometry .sigmgr 378x200+976+318
wm geometry .sigmgr 378x200+979+318
wm geometry .sigmgr 378x200+980+317
wm geometry .sigmgr 378x200+981+317
wm geometry .sigmgr 378x200+982+317
wm geometry .sigmgr 378x200+982+316
pf:read PF:3 1TPOWRD(power)
Graph addsignal WF:3:4 -region new -yview real(y) -xview real(x) -tracehi 2
# Signal4
pf:read PF:4 1TPOWRD(power)
Graph addsignal WF:4:2 -region new -yview real(y) -xview real(x) -tracehi 2
# Signal5
Graph:Select Graph0
ScopeSigMgr:Unload 0 {{(2) wddland.tr0}}
ScopeSigMgr:Unload 0 {{(1) and.tr0}}
Graph:DSel
ScopeSigMgr:loadpffile /home/user2/spring13/asc2171/avlsi/project/ELEN6321/simulation_vlsi/and/and.tr0 1 openonly
pf:read PF:5 power(vandvdd)
Graph addsignal WF:5:1 -region new -yview dbm(y) -xview real(x) -tracehi 2
# Signal0
ScopeSigMgr:loadpffile /home/user2/spring13/asc2171/avlsi/project/ELEN6321/simulation_vlsi/and/wddland.tr0 1 openonly
pf:read PF:6 power(vwddlvdd)
Graph addsignal WF:6:1 -region new -yview dbm(y) -xview real(x) -tracehi 2
# Signal1
ScopeSigMgr:Reload 0 {{(2) wddland.tr0}}
Mdi:Close
ScopeSigMgr:Unload 0 {{(2) wddland.tr0}}
ScopeSigMgr:Unload 0 {{(1) and.tr0}}
ScopeSigMgr:loadpffile /home/user2/spring13/asc2171/avlsi/project/ELEN6321/simulation_vlsi/and/and.tr0 1 openonly
ScopeSigMgr:loadpffile /home/user2/spring13/asc2171/avlsi/project/ELEN6321/simulation_vlsi/and/wddland.tr0 1 openonly
Mdi:ArrangeIcons
wm geometry . 900x785+0+86
Mdi:ArrangeIcons
wm geometry . 900x785+0+94
Mdi:ArrangeIcons
wm geometry . 900x785+0+106
Mdi:ArrangeIcons
wm geometry . 900x785+16+118
Mdi:ArrangeIcons
wm geometry . 900x785+20+132
Mdi:ArrangeIcons
wm geometry . 900x785+38+170
Mdi:ArrangeIcons
wm geometry . 900x785+42+180
Mdi:ArrangeIcons
wm geometry . 900x785+68+230
Mdi:ArrangeIcons
Mdi:ArrangeIcons
wm geometry . 900x785+72+242
Mdi:ArrangeIcons
wm geometry . 900x785+72+254
Mdi:ArrangeIcons
wm geometry . 900x785+104+288
Mdi:ArrangeIcons
wm geometry . 900x785+112+302
Mdi:ArrangeIcons
wm geometry . 900x785+124+316
Mdi:ArrangeIcons
wm geometry . 900x785+132+316
Mdi:ArrangeIcons
wm geometry . 900x785+156+350
Mdi:ArrangeIcons
wm geometry . 900x785+166+357
Mdi:ArrangeIcons
wm geometry . 900x785+178+357
Mdi:ArrangeIcons
wm geometry . 900x785+198+394
Mdi:ArrangeIcons
wm geometry . 900x785+210+402
Mdi:ArrangeIcons
wm geometry . 900x785+226+412
Mdi:ArrangeIcons
wm geometry . 900x785+232+416
Mdi:ArrangeIcons
Mdi:ArrangeIcons
wm geometry . 900x785+234+417
Mdi:ArrangeIcons
Mdi:ArrangeIcons
wm geometry . 900x785+234+418
Mdi:ArrangeIcons
wm geometry . 900x785+236+419
Mdi:ArrangeIcons
wm geometry . 900x785+244+427
Mdi:ArrangeIcons
wm geometry . 900x785+248+431
Mdi:ArrangeIcons
wm geometry . 900x785+254+436
Mdi:ArrangeIcons
Mdi:ArrangeIcons
Mdi:ArrangeIcons
wm geometry . 900x785+255+436
Mdi:ArrangeIcons
wm geometry . 900x785+256+436
Mdi:ArrangeIcons
wm geometry . 900x785+256+438
Mdi:ArrangeIcons
wm geometry . 900x785+257+438
Mdi:ArrangeIcons
wm geometry . 900x785+257+439
Mdi:ArrangeIcons
wm geometry . 900x785+258+440
Mdi:ArrangeIcons
wm geometry . 900x785+260+441
Mdi:ArrangeIcons
Mdi:ArrangeIcons
wm geometry . 900x785+294+467
Mdi:ArrangeIcons
wm geometry . 900x785+316+479
Mdi:ArrangeIcons
wm geometry . 900x785+326+487
Mdi:ArrangeIcons
wm geometry . 900x785+340+495
Mdi:ArrangeIcons
wm geometry . 900x785+341+496
Mdi:ArrangeIcons
Mdi:ArrangeIcons
Mdi:ArrangeIcons
Mdi:ArrangeIcons
ScopeSigMgr:Unload 0 {{(2) wddland.tr0}}
ScopeSigMgr:loadpffile /home/user2/spring13/asc2171/avlsi/project/ELEN6321/simulation_vlsi/and/wddland.tr0 1 openonly
GrXY:NewGraph
pf:read PF:10 i(vwddlvdd)
Graph addsignal WF:10:1 -region new -yview real(y) -xview real(x) -tracehi 2
# Signal0
wm geometry .sigmgr._PF:8 208x311+1600+601
pf:read PF:8 i(vandvdd)
Graph addsignal WF:8:1 -region new -yview real(y) -xview real(x) -tracehi 2
# Signal1
pf:read PF:8 1TPOWRD(power)
Graph addsignal WF:8:2 -region new -yview real(y) -xview real(x) -tracehi 2
# Signal2
pf:read PF:10 1TPOWRD(power)
Graph addsignal WF:10:2 -region new -yview real(y) -xview real(x) -tracehi 2
# Signal3
Mdi:FullSize
Mdi:ArrangeIcons
wm geometry . 900x785+344+496
Mdi:ArrangeIcons
wm geometry . 900x785+430+512
Mdi:ArrangeIcons
Mdi:ArrangeIcons
wm geometry . 900x785+942+632
Mdi:ArrangeIcons
wm geometry . 900x785+1324+660
Mdi:ArrangeIcons
wm geometry . 900x785+1550+660
Mdi:ArrangeIcons
wm geometry . 900x785+1640+660
Mdi:ArrangeIcons
wm geometry . 900x785+1718+652
Mdi:ArrangeIcons
wm geometry . 900x785+1900+542
Mdi:ArrangeIcons
wm geometry . 900x785+1910+434
Mdi:ArrangeIcons
wm geometry . 900x785+1882+366
Mdi:ArrangeIcons
wm geometry . 900x785+1824+278
Mdi:ArrangeIcons
wm geometry . 900x785+1792+244
Mdi:ArrangeIcons
wm geometry . 900x785+1778+234
Mdi:ArrangeIcons
wm geometry . 900x785+1768+226
Mdi:ArrangeIcons
wm geometry . 900x785+1758+218
Mdi:ArrangeIcons
wm geometry . 900x785+1748+214
Mdi:ArrangeIcons
wm geometry . 900x785+1736+210
Mdi:ArrangeIcons
wm geometry . 900x785+1722+206
Mdi:ArrangeIcons
wm geometry . 900x785+1706+200
Mdi:ArrangeIcons
wm geometry . 900x785+1694+196
Mdi:ArrangeIcons
wm geometry . 900x785+1682+196
Mdi:ArrangeIcons
wm geometry . 900x785+1674+196
Mdi:ArrangeIcons
wm geometry . 900x785+1668+196
Mdi:ArrangeIcons
wm geometry . 900x785+1666+196
Mdi:ArrangeIcons
wm geometry . 900x785+1665+196
Mdi:ArrangeIcons
wm geometry . 900x785+1666+196
Mdi:ArrangeIcons
wm geometry . 900x785+1667+196
Mdi:ArrangeIcons
wm geometry . 900x785+1670+196
Mdi:ArrangeIcons
wm geometry . 900x785+1686+196
Mdi:ArrangeIcons
wm geometry . 900x785+1704+196
Mdi:ArrangeIcons
wm geometry . 900x785+1724+196
Mdi:ArrangeIcons
wm geometry . 900x785+1739+196
Mdi:ArrangeIcons
wm geometry . 900x785+1756+196
Mdi:ArrangeIcons
wm geometry . 900x785+1768+196
Mdi:ArrangeIcons
wm geometry . 900x785+1778+196
Mdi:ArrangeIcons
wm geometry . 900x785+1784+196
Mdi:ArrangeIcons
wm geometry . 900x785+1794+196
Mdi:ArrangeIcons
wm geometry . 900x785+1812+177
Mdi:ArrangeIcons
wm geometry . 900x785+1824+173
Mdi:ArrangeIcons
wm geometry . 900x785+1840+167
Mdi:ArrangeIcons
wm geometry . 900x785+1858+163
Mdi:ArrangeIcons
wm geometry . 900x785+1874+159
Mdi:ArrangeIcons
wm geometry . 900x785+1888+157
Mdi:ArrangeIcons
wm geometry . 900x785+1898+151
Mdi:ArrangeIcons
wm geometry . 900x785+1910+147
Mdi:ArrangeIcons
wm geometry . 900x785+1916+145
Mdi:ArrangeIcons
wm geometry . 900x785+1922+141
Mdi:ArrangeIcons
wm geometry . 900x785+1928+139
Mdi:ArrangeIcons
wm geometry . 900x785+1929+139
Mdi:ArrangeIcons
wm geometry . 900x785+1931+138
Mdi:ArrangeIcons
wm geometry . 900x785+1933+138
Mdi:ArrangeIcons
wm geometry . 900x785+1934+138
Mdi:ArrangeIcons
wm geometry . 900x785+1935+138
Mdi:ArrangeIcons
wm geometry . 900x785+1935+137
Graph:Select Graph1
Graph itemselect all add
# Signal3
Graph delsignal selected
Graph:ClearItems
Graph:DSel
pf:read PF:10 i(vwddlvdd)
Graph addsignal WF:10:1 -region new -yview real(y) -xview real(x) -tracehi 2
# Signal0
pf:read PF:8 i(vandvdd)
Graph addsignal WF:8:1 -region new -yview real(y) -xview real(x) -tracehi 2
# Signal1
pf:read PF:8 v(a_i)
Graph addsignal WF:8:3 -region new -yview real(y) -xview real(x) -tracehi 2
# Signal2
pf:read PF:8 v(b_i)
Graph addsignal WF:8:4 -region new -yview real(y) -xview real(x) -tracehi 2
# Signal3
pf:read PF:8 v(out)
Graph addsignal WF:8:5 -region new -yview real(y) -xview real(x) -tracehi 2
# Signal4
Mdi:ArrangeIcons
wm geometry . 900x786+1935+137
Mdi:ArrangeIcons
Mdi:ArrangeIcons
wm geometry . 1255x1005+1927+137
Mdi:ArrangeIcons
wm geometry . 1255x1005+1917+137
Mdi:ArrangeIcons
wm geometry . 1255x1005+1889+137
Mdi:ArrangeIcons
wm geometry . 1255x1005+1878+137
Mdi:ArrangeIcons
wm geometry . 1255x1005+1851+137
Mdi:ArrangeIcons
wm geometry . 1255x1005+1833+137
Mdi:ArrangeIcons
wm geometry . 1255x1005+1818+137
Mdi:ArrangeIcons
wm geometry . 1255x1005+1801+137
Mdi:ArrangeIcons
wm geometry . 1255x1005+1785+137
Mdi:ArrangeIcons
wm geometry . 1255x1005+1778+137
Mdi:ArrangeIcons
wm geometry . 1255x1005+1777+137
Mdi:ArrangeIcons
wm geometry . 1255x1005+1776+137
Mdi:ArrangeIcons
wm geometry . 1255x1005+1775+137
Mdi:ArrangeIcons
wm geometry . 1255x1005+1775+136
Mdi:ArrangeIcons
wm geometry . 1255x1005+1774+135
Mdi:ArrangeIcons
wm geometry . 1255x1005+1773+133
Mdi:ArrangeIcons
wm geometry . 1255x1005+1772+132
Mdi:ArrangeIcons
wm geometry . 1255x1005+1772+131
Mdi:ArrangeIcons
wm geometry . 1255x1005+1772+130
Mdi:ArrangeIcons
wm geometry . 1255x1005+1771+129
Mdi:ArrangeIcons
wm geometry . 1255x1005+1771+128
Mdi:ArrangeIcons
wm geometry . 1255x1005+1771+127
Mdi:ArrangeIcons
wm geometry . 1255x1005+1771+126
Mdi:ArrangeIcons
wm geometry . 1255x1005+1771+124
Mdi:ArrangeIcons
wm geometry . 1255x1005+1771+122
Mdi:ArrangeIcons
wm geometry . 1255x1005+1771+120
Mdi:ArrangeIcons
wm geometry . 1255x1005+1770+118
Mdi:ArrangeIcons
wm geometry . 1255x1005+1770+115
Mdi:ArrangeIcons
wm geometry . 1255x1005+1770+107
Mdi:ArrangeIcons
wm geometry . 1255x1005+1770+104
Mdi:ArrangeIcons
wm geometry . 1255x1005+1770+101
Mdi:ArrangeIcons
wm geometry . 1255x1005+1770+93
Mdi:ArrangeIcons
wm geometry . 1255x1005+1770+90
Mdi:ArrangeIcons
wm geometry . 1255x1005+1768+84
Mdi:ArrangeIcons
wm geometry . 1255x1005+1768+81
Mdi:ArrangeIcons
wm geometry . 1255x1005+1767+79
Mdi:ArrangeIcons
wm geometry . 1255x1005+1765+73
Mdi:ArrangeIcons
wm geometry . 1255x1005+1765+71
Mdi:ArrangeIcons
wm geometry . 1255x1005+1765+68
Mdi:ArrangeIcons
wm geometry . 1255x1005+1763+62
Mdi:ArrangeIcons
wm geometry . 1255x1005+1763+59
Mdi:ArrangeIcons
wm geometry . 1255x1005+1761+53
Mdi:ArrangeIcons
wm geometry . 1255x1005+1759+47
Mdi:ArrangeIcons
wm geometry . 1255x1005+1757+41
Mdi:ArrangeIcons
wm geometry . 1255x1005+1757+39
Mdi:ArrangeIcons
wm geometry . 1255x1005+1757+36
Mdi:ArrangeIcons
wm geometry . 1255x1005+1756+35
Mdi:ArrangeIcons
wm geometry . 1255x1005+1756+34
Mdi:ArrangeIcons
wm geometry . 1255x1005+1756+33
Mdi:ArrangeIcons
wm geometry . 1255x1005+1755+32
Mdi:ArrangeIcons
wm geometry . 1255x1005+1755+31
Mdi:ArrangeIcons
wm geometry . 1255x1005+1756+31
Mdi:ArrangeIcons
wm geometry . 1255x1005+1757+31
Mdi:ArrangeIcons
wm geometry . 1255x1005+1759+30
Mdi:ArrangeIcons
wm geometry . 1255x1005+1760+29
Mdi:ArrangeIcons
wm geometry . 1255x1005+1762+29
Mdi:ArrangeIcons
wm geometry . 1255x1005+1763+29
Mdi:ArrangeIcons
wm geometry . 1255x1005+1764+28
Mdi:ArrangeIcons
wm geometry . 1255x1005+1765+28
Mdi:ArrangeIcons
wm geometry . 1255x1005+1766+28
Mdi:ArrangeIcons
wm geometry . 1255x1005+1766+27
Mdi:ArrangeIcons
wm geometry . 1255x1005+1767+27
Mdi:ArrangeIcons
wm geometry . 1255x1005+1768+27
Mdi:ArrangeIcons
wm geometry . 1255x1005+1770+27
Mdi:ArrangeIcons
wm geometry . 1255x1005+1771+27
Mdi:ArrangeIcons
wm geometry . 1255x1005+1773+26
Mdi:ArrangeIcons
wm geometry . 1255x1005+1774+25
Mdi:ArrangeIcons
wm geometry . 1255x1005+1776+25
Mdi:ArrangeIcons
wm geometry . 1255x1005+1777+24
Mdi:ArrangeIcons
wm geometry . 1255x1005+1779+24
Mdi:ArrangeIcons
wm geometry . 1255x1005+1781+23
Mdi:ArrangeIcons
wm geometry . 1255x1005+1782+22
Mdi:ArrangeIcons
wm geometry . 1255x1005+1784+22
Mdi:ArrangeIcons
wm geometry . 1255x1005+1786+21
Mdi:ArrangeIcons
wm geometry . 1255x1005+1787+21
Mdi:ArrangeIcons
wm geometry . 1255x1005+1788+21
Mdi:ArrangeIcons
wm geometry . 1255x1005+1788+20
Mdi:ArrangeIcons
wm geometry . 1255x1005+1789+20
Mdi:ArrangeIcons
wm geometry . 1255x1005+1790+20
Mdi:ArrangeIcons
wm geometry . 1255x1005+1791+20
Mdi:ArrangeIcons
wm geometry . 1255x1005+1791+19
Mdi:ArrangeIcons
wm geometry . 1255x1005+1792+19
Mdi:ArrangeIcons
wm geometry . 1255x1005+1792+18
Mdi:ArrangeIcons
wm geometry . 1255x1005+1793+18
Mdi:ArrangeIcons
wm geometry . 1255x1005+1794+18
Mdi:ArrangeIcons
wm geometry . 1255x1005+1795+17
Mdi:ArrangeIcons
wm geometry . 1255x1005+1796+17
Mdi:ArrangeIcons
wm geometry . 1255x1005+1798+16
Mdi:ArrangeIcons
wm geometry . 1255x1005+1800+16
Mdi:ArrangeIcons
wm geometry . 1255x1005+1801+15
Mdi:ArrangeIcons
wm geometry . 1255x1005+1803+15
Mdi:ArrangeIcons
wm geometry . 1255x1005+1809+11
Mdi:ArrangeIcons
wm geometry . 1255x1005+1811+11
Mdi:ArrangeIcons
wm geometry . 1255x1005+1817+7
Mdi:ArrangeIcons
wm geometry . 1255x1005+1823+5
Mdi:ArrangeIcons
wm geometry . 1255x1005+1824+4
Mdi:ArrangeIcons
wm geometry . 1255x1005+1827+4
Mdi:ArrangeIcons
wm geometry . 1255x1005+1829+3
Mdi:ArrangeIcons
wm geometry . 1255x1005+1830+2
Mdi:ArrangeIcons
wm geometry . 1255x1005+1831+2
Mdi:ArrangeIcons
wm geometry . 1255x1005+1832+2
Mdi:ArrangeIcons
wm geometry . 1255x1005+1833+2
Mdi:ArrangeIcons
wm geometry . 1255x1005+1841+0
Mdi:ArrangeIcons
wm geometry . 1255x1005+1851+0
Mdi:ArrangeIcons
wm geometry . 1255x1005+1859+0
Mdi:ArrangeIcons
wm geometry . 1255x1005+1865+0
Mdi:ArrangeIcons
wm geometry . 1255x1005+1867+0
Mdi:ArrangeIcons
wm geometry . 1255x1005+1868+0
Mdi:ArrangeIcons
wm geometry . 1255x1005+1866+0
Mdi:ArrangeIcons
wm geometry . 1255x1005+1865+0
Mdi:ArrangeIcons
wm geometry . 1255x1005+1864+0
Mdi:ArrangeIcons
wm geometry . 1255x1005+1863+0
Mdi:ArrangeIcons
wm geometry . 1255x1005+1864+0
Mdi:ArrangeIcons
wm geometry . 1255x1005+1868+0
Mdi:ArrangeIcons
wm geometry . 1255x1005+1869+0
Mdi:ArrangeIcons
wm geometry . 1255x1005+1870+0
Mdi:ArrangeIcons
wm geometry . 1255x1005+1871+1
Mdi:ArrangeIcons
wm geometry . 1255x1005+1872+1
Mdi:ArrangeIcons
ScopeSigMgr:Unload 0 {{(1) and.tr0}}
ScopeSigMgr:Unload 0 {{(2) wddland.tr0}}
Graph:Select Graph1
Graph:DSel 0
